{"C:\\Users\\User\\BrainMeal\\src\\App.jsx": {"path":"C:\\Users\\User\\BrainMeal\\src\\App.jsx","statementMap":{"0":{"start":{"line":35,"column":4},"end":{"line":70,"column":6}}},"fnMap":{"0":{"name":"App","decl":{"start":{"line":34,"column":9},"end":{"line":34,"column":12}},"loc":{"start":{"line":34,"column":15},"end":{"line":71,"column":1}},"line":34}},"branchMap":{},"s":{"0":0},"f":{"0":0},"b":{}}
,"C:\\Users\\User\\BrainMeal\\src\\assets\\styles\\theme.js": {"path":"C:\\Users\\User\\BrainMeal\\src\\assets\\styles\\theme.js","statementMap":{"0":{"start":{"line":3,"column":21},"end":{"line":73,"column":2}}},"fnMap":{},"branchMap":{},"s":{"0":0},"f":{},"b":{}}
,"C:\\Users\\User\\BrainMeal\\src\\components\\auth\\ProtectedRoute.jsx": {"path":"C:\\Users\\User\\BrainMeal\\src\\components\\auth\\ProtectedRoute.jsx","statementMap":{"0":{"start":{"line":5,"column":37},"end":{"line":5,"column":46}},"1":{"start":{"line":7,"column":4},"end":{"line":9,"column":5}},"2":{"start":{"line":8,"column":8},"end":{"line":8,"column":37}},"3":{"start":{"line":11,"column":4},"end":{"line":13,"column":5}},"4":{"start":{"line":12,"column":8},"end":{"line":12,"column":40}},"5":{"start":{"line":15,"column":4},"end":{"line":15,"column":20}}},"fnMap":{"0":{"name":"ProtectedRoute","decl":{"start":{"line":4,"column":24},"end":{"line":4,"column":38}},"loc":{"start":{"line":4,"column":53},"end":{"line":16,"column":1}},"line":4}},"branchMap":{"0":{"loc":{"start":{"line":7,"column":4},"end":{"line":9,"column":5}},"type":"if","locations":[{"start":{"line":7,"column":4},"end":{"line":9,"column":5}},{"start":{},"end":{}}],"line":7},"1":{"loc":{"start":{"line":11,"column":4},"end":{"line":13,"column":5}},"type":"if","locations":[{"start":{"line":11,"column":4},"end":{"line":13,"column":5}},{"start":{},"end":{}}],"line":11}},"s":{"0":0,"1":0,"2":0,"3":0,"4":0,"5":0},"f":{"0":0},"b":{"0":[0,0],"1":[0,0]}}
,"C:\\Users\\User\\BrainMeal\\src\\components\\common\\ErrorBoundary.jsx": {"path":"C:\\Users\\User\\BrainMeal\\src\\components\\common\\ErrorBoundary.jsx","statementMap":{"0":{"start":{"line":7,"column":8},"end":{"line":7,"column":21}},"1":{"start":{"line":8,"column":8},"end":{"line":8,"column":71}},"2":{"start":{"line":12,"column":8},"end":{"line":12,"column":34}},"3":{"start":{"line":16,"column":8},"end":{"line":19,"column":11}},"4":{"start":{"line":21,"column":8},"end":{"line":21,"column":74}},"5":{"start":{"line":25,"column":8},"end":{"line":50,"column":9}},"6":{"start":{"line":26,"column":12},"end":{"line":49,"column":14}},"7":{"start":{"line":44,"column":39},"end":{"line":44,"column":63}},"8":{"start":{"line":52,"column":8},"end":{"line":52,"column":35}},"9":{"start":{"line":56,"column":29},"end":{"line":59,"column":1}},"10":{"start":{"line":57,"column":18},"end":{"line":57,"column":31}},"11":{"start":{"line":58,"column":4},"end":{"line":58,"column":46}}},"fnMap":{"0":{"name":"(anonymous_0)","decl":{"start":{"line":6,"column":4},"end":{"line":6,"column":5}},"loc":{"start":{"line":6,"column":23},"end":{"line":9,"column":5}},"line":6},"1":{"name":"(anonymous_1)","decl":{"start":{"line":11,"column":4},"end":{"line":11,"column":5}},"loc":{"start":{"line":11,"column":43},"end":{"line":13,"column":5}},"line":11},"2":{"name":"(anonymous_2)","decl":{"start":{"line":15,"column":4},"end":{"line":15,"column":5}},"loc":{"start":{"line":15,"column":40},"end":{"line":22,"column":5}},"line":15},"3":{"name":"(anonymous_3)","decl":{"start":{"line":24,"column":4},"end":{"line":24,"column":5}},"loc":{"start":{"line":24,"column":13},"end":{"line":53,"column":5}},"line":24},"4":{"name":"(anonymous_4)","decl":{"start":{"line":44,"column":33},"end":{"line":44,"column":34}},"loc":{"start":{"line":44,"column":39},"end":{"line":44,"column":63}},"line":44},"5":{"name":"(anonymous_5)","decl":{"start":{"line":56,"column":29},"end":{"line":56,"column":30}},"loc":{"start":{"line":56,"column":40},"end":{"line":59,"column":1}},"line":56}},"branchMap":{"0":{"loc":{"start":{"line":25,"column":8},"end":{"line":50,"column":9}},"type":"if","locations":[{"start":{"line":25,"column":8},"end":{"line":50,"column":9}},{"start":{},"end":{}}],"line":25}},"s":{"0":0,"1":0,"2":0,"3":0,"4":0,"5":0,"6":0,"7":0,"8":0,"9":0,"10":0,"11":0},"f":{"0":0,"1":0,"2":0,"3":0,"4":0,"5":0},"b":{"0":[0,0]}}
,"C:\\Users\\User\\BrainMeal\\src\\components\\common\\Loading.jsx": {"path":"C:\\Users\\User\\BrainMeal\\src\\components\\common\\Loading.jsx","statementMap":{"0":{"start":{"line":6,"column":16},"end":{"line":30,"column":1}},"1":{"start":{"line":7,"column":18},"end":{"line":7,"column":31}},"2":{"start":{"line":9,"column":4},"end":{"line":29,"column":6}}},"fnMap":{"0":{"name":"(anonymous_0)","decl":{"start":{"line":6,"column":16},"end":{"line":6,"column":17}},"loc":{"start":{"line":6,"column":33},"end":{"line":30,"column":1}},"line":6}},"branchMap":{"0":{"loc":{"start":{"line":23,"column":13},"end":{"line":27,"column":13}},"type":"binary-expr","locations":[{"start":{"line":23,"column":13},"end":{"line":23,"column":20}},{"start":{"line":24,"column":16},"end":{"line":26,"column":29}}],"line":23},"1":{"loc":{"start":{"line":25,"column":21},"end":{"line":25,"column":44}},"type":"binary-expr","locations":[{"start":{"line":25,"column":21},"end":{"line":25,"column":28}},{"start":{"line":25,"column":32},"end":{"line":25,"column":44}}],"line":25}},"s":{"0":0,"1":0,"2":0},"f":{"0":0},"b":{"0":[0,0],"1":[0,0]}}
,"C:\\Users\\User\\BrainMeal\\src\\components\\common\\Notification.jsx": {"path":"C:\\Users\\User\\BrainMeal\\src\\components\\common\\Notification.jsx","statementMap":{"0":{"start":{"line":5,"column":21},"end":{"line":27,"column":1}},"1":{"start":{"line":6,"column":47},"end":{"line":6,"column":64}},"2":{"start":{"line":8,"column":4},"end":{"line":8,"column":35}},"3":{"start":{"line":8,"column":23},"end":{"line":8,"column":35}},"4":{"start":{"line":10,"column":4},"end":{"line":26,"column":6}}},"fnMap":{"0":{"name":"(anonymous_0)","decl":{"start":{"line":5,"column":21},"end":{"line":5,"column":22}},"loc":{"start":{"line":5,"column":27},"end":{"line":27,"column":1}},"line":5}},"branchMap":{"0":{"loc":{"start":{"line":8,"column":4},"end":{"line":8,"column":35}},"type":"if","locations":[{"start":{"line":8,"column":4},"end":{"line":8,"column":35}},{"start":{},"end":{}}],"line":8}},"s":{"0":0,"1":0,"2":0,"3":0,"4":0},"f":{"0":0},"b":{"0":[0,0]}}
,"C:\\Users\\User\\BrainMeal\\src\\components\\layout\\Layout.jsx": {"path":"C:\\Users\\User\\BrainMeal\\src\\components\\layout\\Layout.jsx","statementMap":{"0":{"start":{"line":35,"column":20},"end":{"line":35,"column":23}},"1":{"start":{"line":37,"column":18},"end":{"line":48,"column":1}},"2":{"start":{"line":51,"column":40},"end":{"line":51,"column":55}},"3":{"start":{"line":52,"column":18},"end":{"line":52,"column":28}},"4":{"start":{"line":53,"column":21},"end":{"line":53,"column":64}},"5":{"start":{"line":54,"column":21},"end":{"line":54,"column":34}},"6":{"start":{"line":55,"column":36},"end":{"line":55,"column":45}},"7":{"start":{"line":56,"column":18},"end":{"line":56,"column":31}},"8":{"start":{"line":58,"column":31},"end":{"line":60,"column":5}},"9":{"start":{"line":59,"column":8},"end":{"line":59,"column":35}},"10":{"start":{"line":62,"column":29},"end":{"line":67,"column":5}},"11":{"start":{"line":63,"column":8},"end":{"line":63,"column":23}},"12":{"start":{"line":64,"column":8},"end":{"line":66,"column":9}},"13":{"start":{"line":65,"column":12},"end":{"line":65,"column":33}},"14":{"start":{"line":70,"column":8},"end":{"line":104,"column":14}},"15":{"start":{"line":78,"column":20},"end":{"line":85,"column":31}},"16":{"start":{"line":81,"column":39},"end":{"line":81,"column":66}},"17":{"start":{"line":88,"column":52},"end":{"line":88,"column":80}},"18":{"start":{"line":107,"column":4},"end":{"line":182,"column":6}}},"fnMap":{"0":{"name":"Layout","decl":{"start":{"line":50,"column":24},"end":{"line":50,"column":30}},"loc":{"start":{"line":50,"column":45},"end":{"line":183,"column":1}},"line":50},"1":{"name":"(anonymous_1)","decl":{"start":{"line":58,"column":31},"end":{"line":58,"column":32}},"loc":{"start":{"line":58,"column":37},"end":{"line":60,"column":5}},"line":58},"2":{"name":"(anonymous_2)","decl":{"start":{"line":62,"column":29},"end":{"line":62,"column":30}},"loc":{"start":{"line":62,"column":39},"end":{"line":67,"column":5}},"line":62},"3":{"name":"(anonymous_3)","decl":{"start":{"line":77,"column":31},"end":{"line":77,"column":32}},"loc":{"start":{"line":78,"column":20},"end":{"line":85,"column":31}},"line":78},"4":{"name":"(anonymous_4)","decl":{"start":{"line":81,"column":33},"end":{"line":81,"column":34}},"loc":{"start":{"line":81,"column":39},"end":{"line":81,"column":66}},"line":81},"5":{"name":"(anonymous_5)","decl":{"start":{"line":88,"column":46},"end":{"line":88,"column":47}},"loc":{"start":{"line":88,"column":52},"end":{"line":88,"column":80}},"line":88}},"branchMap":{"0":{"loc":{"start":{"line":64,"column":8},"end":{"line":66,"column":9}},"type":"if","locations":[{"start":{"line":64,"column":8},"end":{"line":66,"column":9}},{"start":{},"end":{}}],"line":64},"1":{"loc":{"start":{"line":87,"column":17},"end":{"line":94,"column":17}},"type":"binary-expr","locations":[{"start":{"line":87,"column":17},"end":{"line":87,"column":28}},{"start":{"line":88,"column":20},"end":{"line":93,"column":31}}],"line":87},"2":{"loc":{"start":{"line":95,"column":17},"end":{"line":102,"column":17}},"type":"binary-expr","locations":[{"start":{"line":95,"column":17},"end":{"line":95,"column":28}},{"start":{"line":96,"column":20},"end":{"line":101,"column":31}}],"line":95},"3":{"loc":{"start":{"line":136,"column":17},"end":{"line":168,"column":17}},"type":"cond-expr","locations":[{"start":{"line":137,"column":20},"end":{"line":153,"column":29}},{"start":{"line":155,"column":20},"end":{"line":167,"column":29}}],"line":136}},"s":{"0":0,"1":0,"2":0,"3":0,"4":0,"5":0,"6":0,"7":0,"8":0,"9":0,"10":0,"11":0,"12":0,"13":0,"14":0,"15":0,"16":0,"17":0,"18":0},"f":{"0":0,"1":0,"2":0,"3":0,"4":0,"5":0},"b":{"0":[0,0],"1":[0,0],"2":[0,0],"3":[0,0]}}
,"C:\\Users\\User\\BrainMeal\\src\\config\\firebase.js": {"path":"C:\\Users\\User\\BrainMeal\\src\\config\\firebase.js","statementMap":{"0":{"start":{"line":7,"column":23},"end":{"line":15,"column":1}},"1":{"start":{"line":18,"column":12},"end":{"line":18,"column":41}},"2":{"start":{"line":21,"column":13},"end":{"line":21,"column":25}},"3":{"start":{"line":22,"column":11},"end":{"line":22,"column":28}},"4":{"start":{"line":23,"column":16},"end":{"line":23,"column":31}},"5":{"start":{"line":26,"column":16},"end":{"line":26,"column":20}},"6":{"start":{"line":27,"column":0},"end":{"line":29,"column":1}},"7":{"start":{"line":28,"column":4},"end":{"line":28,"column":34}}},"fnMap":{},"branchMap":{"0":{"loc":{"start":{"line":27,"column":0},"end":{"line":29,"column":1}},"type":"if","locations":[{"start":{"line":27,"column":0},"end":{"line":29,"column":1}},{"start":{},"end":{}}],"line":27}},"s":{"0":0,"1":0,"2":0,"3":0,"4":0,"5":0,"6":0,"7":0},"f":{},"b":{"0":[0,0]}}
,"C:\\Users\\User\\BrainMeal\\src\\context\\AuthContext.jsx": {"path":"C:\\Users\\User\\BrainMeal\\src\\context\\AuthContext.jsx","statementMap":{"0":{"start":{"line":11,"column":20},"end":{"line":11,"column":35}},"1":{"start":{"line":13,"column":23},"end":{"line":19,"column":1}},"2":{"start":{"line":14,"column":20},"end":{"line":14,"column":43}},"3":{"start":{"line":15,"column":4},"end":{"line":17,"column":5}},"4":{"start":{"line":16,"column":8},"end":{"line":16,"column":71}},"5":{"start":{"line":18,"column":4},"end":{"line":18,"column":19}},"6":{"start":{"line":21,"column":28},"end":{"line":74,"column":1}},"7":{"start":{"line":22,"column":42},"end":{"line":22,"column":56}},"8":{"start":{"line":23,"column":34},"end":{"line":23,"column":48}},"9":{"start":{"line":25,"column":4},"end":{"line":32,"column":11}},"10":{"start":{"line":26,"column":28},"end":{"line":29,"column":10}},"11":{"start":{"line":27,"column":12},"end":{"line":27,"column":33}},"12":{"start":{"line":28,"column":12},"end":{"line":28,"column":30}},"13":{"start":{"line":31,"column":8},"end":{"line":31,"column":27}},"14":{"start":{"line":34,"column":19},"end":{"line":42,"column":5}},"15":{"start":{"line":35,"column":8},"end":{"line":41,"column":9}},"16":{"start":{"line":36,"column":35},"end":{"line":36,"column":94}},"17":{"start":{"line":37,"column":12},"end":{"line":37,"column":70}},"18":{"start":{"line":38,"column":12},"end":{"line":38,"column":39}},"19":{"start":{"line":40,"column":12},"end":{"line":40,"column":24}},"20":{"start":{"line":44,"column":18},"end":{"line":51,"column":5}},"21":{"start":{"line":45,"column":8},"end":{"line":50,"column":9}},"22":{"start":{"line":46,"column":35},"end":{"line":46,"column":90}},"23":{"start":{"line":47,"column":12},"end":{"line":47,"column":39}},"24":{"start":{"line":49,"column":12},"end":{"line":49,"column":24}},"25":{"start":{"line":53,"column":19},"end":{"line":59,"column":5}},"26":{"start":{"line":54,"column":8},"end":{"line":58,"column":9}},"27":{"start":{"line":55,"column":12},"end":{"line":55,"column":32}},"28":{"start":{"line":57,"column":12},"end":{"line":57,"column":24}},"29":{"start":{"line":61,"column":18},"end":{"line":67,"column":5}},"30":{"start":{"line":69,"column":4},"end":{"line":73,"column":6}}},"fnMap":{"0":{"name":"(anonymous_0)","decl":{"start":{"line":13,"column":23},"end":{"line":13,"column":24}},"loc":{"start":{"line":13,"column":29},"end":{"line":19,"column":1}},"line":13},"1":{"name":"(anonymous_1)","decl":{"start":{"line":21,"column":28},"end":{"line":21,"column":29}},"loc":{"start":{"line":21,"column":46},"end":{"line":74,"column":1}},"line":21},"2":{"name":"(anonymous_2)","decl":{"start":{"line":25,"column":14},"end":{"line":25,"column":15}},"loc":{"start":{"line":25,"column":20},"end":{"line":32,"column":5}},"line":25},"3":{"name":"(anonymous_3)","decl":{"start":{"line":26,"column":53},"end":{"line":26,"column":54}},"loc":{"start":{"line":26,"column":63},"end":{"line":29,"column":9}},"line":26},"4":{"name":"(anonymous_4)","decl":{"start":{"line":34,"column":19},"end":{"line":34,"column":20}},"loc":{"start":{"line":34,"column":59},"end":{"line":42,"column":5}},"line":34},"5":{"name":"(anonymous_5)","decl":{"start":{"line":44,"column":18},"end":{"line":44,"column":19}},"loc":{"start":{"line":44,"column":45},"end":{"line":51,"column":5}},"line":44},"6":{"name":"(anonymous_6)","decl":{"start":{"line":53,"column":19},"end":{"line":53,"column":20}},"loc":{"start":{"line":53,"column":31},"end":{"line":59,"column":5}},"line":53}},"branchMap":{"0":{"loc":{"start":{"line":15,"column":4},"end":{"line":17,"column":5}},"type":"if","locations":[{"start":{"line":15,"column":4},"end":{"line":17,"column":5}},{"start":{},"end":{}}],"line":15},"1":{"loc":{"start":{"line":71,"column":13},"end":{"line":71,"column":33}},"type":"binary-expr","locations":[{"start":{"line":71,"column":13},"end":{"line":71,"column":21}},{"start":{"line":71,"column":25},"end":{"line":71,"column":33}}],"line":71}},"s":{"0":0,"1":0,"2":0,"3":0,"4":0,"5":0,"6":0,"7":0,"8":0,"9":0,"10":0,"11":0,"12":0,"13":0,"14":0,"15":0,"16":0,"17":0,"18":0,"19":0,"20":0,"21":0,"22":0,"23":0,"24":0,"25":0,"26":0,"27":0,"28":0,"29":0,"30":0},"f":{"0":0,"1":0,"2":0,"3":0,"4":0,"5":0,"6":0},"b":{"0":[0,0],"1":[0,0]}}
,"C:\\Users\\User\\BrainMeal\\src\\context\\LanguageContext.jsx": {"path":"C:\\Users\\User\\BrainMeal\\src\\context\\LanguageContext.jsx","statementMap":{"0":{"start":{"line":3,"column":24},"end":{"line":3,"column":39}},"1":{"start":{"line":5,"column":27},"end":{"line":11,"column":1}},"2":{"start":{"line":6,"column":20},"end":{"line":6,"column":47}},"3":{"start":{"line":7,"column":4},"end":{"line":9,"column":5}},"4":{"start":{"line":8,"column":8},"end":{"line":8,"column":78}},"5":{"start":{"line":10,"column":4},"end":{"line":10,"column":19}},"6":{"start":{"line":13,"column":32},"end":{"line":487,"column":1}},"7":{"start":{"line":14,"column":36},"end":{"line":14,"column":50}},"8":{"start":{"line":16,"column":25},"end":{"line":470,"column":5}},"9":{"start":{"line":472,"column":14},"end":{"line":474,"column":5}},"10":{"start":{"line":473,"column":8},"end":{"line":473,"column":50}},"11":{"start":{"line":476,"column":27},"end":{"line":480,"column":5}},"12":{"start":{"line":477,"column":8},"end":{"line":479,"column":9}},"13":{"start":{"line":478,"column":12},"end":{"line":478,"column":37}},"14":{"start":{"line":482,"column":4},"end":{"line":486,"column":6}}},"fnMap":{"0":{"name":"(anonymous_0)","decl":{"start":{"line":5,"column":27},"end":{"line":5,"column":28}},"loc":{"start":{"line":5,"column":33},"end":{"line":11,"column":1}},"line":5},"1":{"name":"(anonymous_1)","decl":{"start":{"line":13,"column":32},"end":{"line":13,"column":33}},"loc":{"start":{"line":13,"column":50},"end":{"line":487,"column":1}},"line":13},"2":{"name":"(anonymous_2)","decl":{"start":{"line":472,"column":14},"end":{"line":472,"column":15}},"loc":{"start":{"line":472,"column":23},"end":{"line":474,"column":5}},"line":472},"3":{"name":"(anonymous_3)","decl":{"start":{"line":476,"column":27},"end":{"line":476,"column":28}},"loc":{"start":{"line":476,"column":44},"end":{"line":480,"column":5}},"line":476}},"branchMap":{"0":{"loc":{"start":{"line":7,"column":4},"end":{"line":9,"column":5}},"type":"if","locations":[{"start":{"line":7,"column":4},"end":{"line":9,"column":5}},{"start":{},"end":{}}],"line":7},"1":{"loc":{"start":{"line":473,"column":15},"end":{"line":473,"column":49}},"type":"binary-expr","locations":[{"start":{"line":473,"column":15},"end":{"line":473,"column":42}},{"start":{"line":473,"column":46},"end":{"line":473,"column":49}}],"line":473},"2":{"loc":{"start":{"line":477,"column":8},"end":{"line":479,"column":9}},"type":"if","locations":[{"start":{"line":477,"column":8},"end":{"line":479,"column":9}},{"start":{},"end":{}}],"line":477}},"s":{"0":0,"1":0,"2":0,"3":0,"4":0,"5":0,"6":0,"7":0,"8":0,"9":0,"10":0,"11":0,"12":0,"13":0,"14":0},"f":{"0":0,"1":0,"2":0,"3":0},"b":{"0":[0,0],"1":[0,0],"2":[0,0]}}
,"C:\\Users\\User\\BrainMeal\\src\\context\\MealPlanContext.jsx": {"path":"C:\\Users\\User\\BrainMeal\\src\\context\\MealPlanContext.jsx","statementMap":{"0":{"start":{"line":6,"column":24},"end":{"line":6,"column":39}},"1":{"start":{"line":8,"column":27},"end":{"line":14,"column":1}},"2":{"start":{"line":9,"column":20},"end":{"line":9,"column":47}},"3":{"start":{"line":10,"column":4},"end":{"line":12,"column":5}},"4":{"start":{"line":11,"column":8},"end":{"line":11,"column":78}},"5":{"start":{"line":13,"column":4},"end":{"line":13,"column":19}},"6":{"start":{"line":16,"column":32},"end":{"line":133,"column":1}},"7":{"start":{"line":17,"column":21},"end":{"line":17,"column":30}},"8":{"start":{"line":18,"column":30},"end":{"line":18,"column":42}},"9":{"start":{"line":19,"column":34},"end":{"line":19,"column":48}},"10":{"start":{"line":20,"column":30},"end":{"line":20,"column":44}},"11":{"start":{"line":22,"column":4},"end":{"line":29,"column":15}},"12":{"start":{"line":23,"column":8},"end":{"line":28,"column":9}},"13":{"start":{"line":24,"column":12},"end":{"line":24,"column":25}},"14":{"start":{"line":26,"column":12},"end":{"line":26,"column":25}},"15":{"start":{"line":27,"column":12},"end":{"line":27,"column":30}},"16":{"start":{"line":31,"column":23},"end":{"line":47,"column":5}},"17":{"start":{"line":32,"column":8},"end":{"line":46,"column":9}},"18":{"start":{"line":33,"column":12},"end":{"line":33,"column":29}},"19":{"start":{"line":34,"column":29},"end":{"line":34,"column":52}},"20":{"start":{"line":35,"column":22},"end":{"line":35,"column":70}},"21":{"start":{"line":36,"column":34},"end":{"line":36,"column":50}},"22":{"start":{"line":37,"column":30},"end":{"line":40,"column":15}},"23":{"start":{"line":37,"column":61},"end":{"line":40,"column":13}},"24":{"start":{"line":41,"column":12},"end":{"line":41,"column":32}},"25":{"start":{"line":43,"column":12},"end":{"line":43,"column":34}},"26":{"start":{"line":45,"column":12},"end":{"line":45,"column":30}},"27":{"start":{"line":49,"column":20},"end":{"line":63,"column":5}},"28":{"start":{"line":50,"column":8},"end":{"line":62,"column":9}},"29":{"start":{"line":51,"column":29},"end":{"line":51,"column":52}},"30":{"start":{"line":52,"column":27},"end":{"line":56,"column":14}},"31":{"start":{"line":57,"column":12},"end":{"line":57,"column":72}},"32":{"start":{"line":57,"column":29},"end":{"line":57,"column":70}},"33":{"start":{"line":58,"column":12},"end":{"line":58,"column":29}},"34":{"start":{"line":60,"column":12},"end":{"line":60,"column":34}},"35":{"start":{"line":61,"column":12},"end":{"line":61,"column":22}},"36":{"start":{"line":65,"column":23},"end":{"line":76,"column":5}},"37":{"start":{"line":66,"column":8},"end":{"line":75,"column":9}},"38":{"start":{"line":67,"column":28},"end":{"line":67,"column":52}},"39":{"start":{"line":68,"column":12},"end":{"line":68,"column":47}},"40":{"start":{"line":69,"column":12},"end":{"line":71,"column":15}},"41":{"start":{"line":69,"column":29},"end":{"line":71,"column":13}},"42":{"start":{"line":70,"column":16},"end":{"line":70,"column":68}},"43":{"start":{"line":73,"column":12},"end":{"line":73,"column":34}},"44":{"start":{"line":74,"column":12},"end":{"line":74,"column":22}},"45":{"start":{"line":78,"column":23},"end":{"line":87,"column":5}},"46":{"start":{"line":79,"column":8},"end":{"line":86,"column":9}},"47":{"start":{"line":80,"column":28},"end":{"line":80,"column":52}},"48":{"start":{"line":81,"column":12},"end":{"line":81,"column":37}},"49":{"start":{"line":82,"column":12},"end":{"line":82,"column":70}},"50":{"start":{"line":82,"column":29},"end":{"line":82,"column":68}},"51":{"start":{"line":82,"column":49},"end":{"line":82,"column":67}},"52":{"start":{"line":84,"column":12},"end":{"line":84,"column":34}},"53":{"start":{"line":85,"column":12},"end":{"line":85,"column":22}},"54":{"start":{"line":89,"column":27},"end":{"line":94,"column":5}},"55":{"start":{"line":90,"column":8},"end":{"line":93,"column":11}},"56":{"start":{"line":91,"column":29},"end":{"line":91,"column":63}},"57":{"start":{"line":92,"column":12},"end":{"line":92,"column":62}},"58":{"start":{"line":96,"column":27},"end":{"line":103,"column":5}},"59":{"start":{"line":97,"column":24},"end":{"line":97,"column":43}},"60":{"start":{"line":98,"column":8},"end":{"line":98,"column":47}},"61":{"start":{"line":99,"column":8},"end":{"line":102,"column":11}},"62":{"start":{"line":100,"column":29},"end":{"line":100,"column":48}},"63":{"start":{"line":101,"column":12},"end":{"line":101,"column":63}},"64":{"start":{"line":105,"column":32},"end":{"line":113,"column":5}},"65":{"start":{"line":106,"column":25},"end":{"line":106,"column":45}},"66":{"start":{"line":107,"column":8},"end":{"line":112,"column":59}},"67":{"start":{"line":107,"column":51},"end":{"line":112,"column":9}},"68":{"start":{"line":115,"column":18},"end":{"line":126,"column":5}},"69":{"start":{"line":128,"column":4},"end":{"line":132,"column":6}}},"fnMap":{"0":{"name":"(anonymous_0)","decl":{"start":{"line":8,"column":27},"end":{"line":8,"column":28}},"loc":{"start":{"line":8,"column":33},"end":{"line":14,"column":1}},"line":8},"1":{"name":"(anonymous_1)","decl":{"start":{"line":16,"column":32},"end":{"line":16,"column":33}},"loc":{"start":{"line":16,"column":50},"end":{"line":133,"column":1}},"line":16},"2":{"name":"(anonymous_2)","decl":{"start":{"line":22,"column":14},"end":{"line":22,"column":15}},"loc":{"start":{"line":22,"column":20},"end":{"line":29,"column":5}},"line":22},"3":{"name":"(anonymous_3)","decl":{"start":{"line":31,"column":23},"end":{"line":31,"column":24}},"loc":{"start":{"line":31,"column":35},"end":{"line":47,"column":5}},"line":31},"4":{"name":"(anonymous_4)","decl":{"start":{"line":37,"column":53},"end":{"line":37,"column":54}},"loc":{"start":{"line":37,"column":61},"end":{"line":40,"column":13}},"line":37},"5":{"name":"(anonymous_5)","decl":{"start":{"line":49,"column":20},"end":{"line":49,"column":21}},"loc":{"start":{"line":49,"column":40},"end":{"line":63,"column":5}},"line":49},"6":{"name":"(anonymous_6)","decl":{"start":{"line":57,"column":21},"end":{"line":57,"column":22}},"loc":{"start":{"line":57,"column":29},"end":{"line":57,"column":70}},"line":57},"7":{"name":"(anonymous_7)","decl":{"start":{"line":65,"column":23},"end":{"line":65,"column":24}},"loc":{"start":{"line":65,"column":51},"end":{"line":76,"column":5}},"line":65},"8":{"name":"(anonymous_8)","decl":{"start":{"line":69,"column":21},"end":{"line":69,"column":22}},"loc":{"start":{"line":69,"column":29},"end":{"line":71,"column":13}},"line":69},"9":{"name":"(anonymous_9)","decl":{"start":{"line":69,"column":38},"end":{"line":69,"column":39}},"loc":{"start":{"line":70,"column":16},"end":{"line":70,"column":68}},"line":70},"10":{"name":"(anonymous_10)","decl":{"start":{"line":78,"column":23},"end":{"line":78,"column":24}},"loc":{"start":{"line":78,"column":41},"end":{"line":87,"column":5}},"line":78},"11":{"name":"(anonymous_11)","decl":{"start":{"line":82,"column":21},"end":{"line":82,"column":22}},"loc":{"start":{"line":82,"column":29},"end":{"line":82,"column":68}},"line":82},"12":{"name":"(anonymous_12)","decl":{"start":{"line":82,"column":41},"end":{"line":82,"column":42}},"loc":{"start":{"line":82,"column":49},"end":{"line":82,"column":67}},"line":82},"13":{"name":"(anonymous_13)","decl":{"start":{"line":89,"column":27},"end":{"line":89,"column":28}},"loc":{"start":{"line":89,"column":37},"end":{"line":94,"column":5}},"line":89},"14":{"name":"(anonymous_14)","decl":{"start":{"line":90,"column":28},"end":{"line":90,"column":29}},"loc":{"start":{"line":90,"column":36},"end":{"line":93,"column":9}},"line":90},"15":{"name":"(anonymous_15)","decl":{"start":{"line":96,"column":27},"end":{"line":96,"column":28}},"loc":{"start":{"line":96,"column":42},"end":{"line":103,"column":5}},"line":96},"16":{"name":"(anonymous_16)","decl":{"start":{"line":99,"column":28},"end":{"line":99,"column":29}},"loc":{"start":{"line":99,"column":36},"end":{"line":102,"column":9}},"line":99},"17":{"name":"(anonymous_17)","decl":{"start":{"line":105,"column":32},"end":{"line":105,"column":33}},"loc":{"start":{"line":105,"column":42},"end":{"line":113,"column":5}},"line":105},"18":{"name":"(anonymous_18)","decl":{"start":{"line":107,"column":31},"end":{"line":107,"column":32}},"loc":{"start":{"line":107,"column":51},"end":{"line":112,"column":9}},"line":107}},"branchMap":{"0":{"loc":{"start":{"line":10,"column":4},"end":{"line":12,"column":5}},"type":"if","locations":[{"start":{"line":10,"column":4},"end":{"line":12,"column":5}},{"start":{},"end":{}}],"line":10},"1":{"loc":{"start":{"line":23,"column":8},"end":{"line":28,"column":9}},"type":"if","locations":[{"start":{"line":23,"column":8},"end":{"line":28,"column":9}},{"start":{"line":25,"column":15},"end":{"line":28,"column":9}}],"line":23},"2":{"loc":{"start":{"line":70,"column":16},"end":{"line":70,"column":68}},"type":"cond-expr","locations":[{"start":{"line":70,"column":37},"end":{"line":70,"column":61}},{"start":{"line":70,"column":64},"end":{"line":70,"column":68}}],"line":70},"3":{"loc":{"start":{"line":101,"column":19},"end":{"line":101,"column":62}},"type":"binary-expr","locations":[{"start":{"line":101,"column":19},"end":{"line":101,"column":40}},{"start":{"line":101,"column":44},"end":{"line":101,"column":62}}],"line":101},"4":{"loc":{"start":{"line":108,"column":42},"end":{"line":108,"column":60}},"type":"binary-expr","locations":[{"start":{"line":108,"column":42},"end":{"line":108,"column":55}},{"start":{"line":108,"column":59},"end":{"line":108,"column":60}}],"line":108},"5":{"loc":{"start":{"line":109,"column":40},"end":{"line":109,"column":57}},"type":"binary-expr","locations":[{"start":{"line":109,"column":40},"end":{"line":109,"column":52}},{"start":{"line":109,"column":56},"end":{"line":109,"column":57}}],"line":109},"6":{"loc":{"start":{"line":110,"column":36},"end":{"line":110,"column":51}},"type":"binary-expr","locations":[{"start":{"line":110,"column":36},"end":{"line":110,"column":46}},{"start":{"line":110,"column":50},"end":{"line":110,"column":51}}],"line":110},"7":{"loc":{"start":{"line":111,"column":32},"end":{"line":111,"column":45}},"type":"binary-expr","locations":[{"start":{"line":111,"column":32},"end":{"line":111,"column":40}},{"start":{"line":111,"column":44},"end":{"line":111,"column":45}}],"line":111}},"s":{"0":0,"1":0,"2":0,"3":0,"4":0,"5":0,"6":0,"7":0,"8":0,"9":0,"10":0,"11":0,"12":0,"13":0,"14":0,"15":0,"16":0,"17":0,"18":0,"19":0,"20":0,"21":0,"22":0,"23":0,"24":0,"25":0,"26":0,"27":0,"28":0,"29":0,"30":0,"31":0,"32":0,"33":0,"34":0,"35":0,"36":0,"37":0,"38":0,"39":0,"40":0,"41":0,"42":0,"43":0,"44":0,"45":0,"46":0,"47":0,"48":0,"49":0,"50":0,"51":0,"52":0,"53":0,"54":0,"55":0,"56":0,"57":0,"58":0,"59":0,"60":0,"61":0,"62":0,"63":0,"64":0,"65":0,"66":0,"67":0,"68":0,"69":0},"f":{"0":0,"1":0,"2":0,"3":0,"4":0,"5":0,"6":0,"7":0,"8":0,"9":0,"10":0,"11":0,"12":0,"13":0,"14":0,"15":0,"16":0,"17":0,"18":0},"b":{"0":[0,0],"1":[0,0],"2":[0,0],"3":[0,0],"4":[0,0],"5":[0,0],"6":[0,0],"7":[0,0]}}
,"C:\\Users\\User\\BrainMeal\\src\\context\\NotificationContext.jsx": {"path":"C:\\Users\\User\\BrainMeal\\src\\context\\NotificationContext.jsx","statementMap":{"0":{"start":{"line":4,"column":28},"end":{"line":4,"column":43}},"1":{"start":{"line":6,"column":31},"end":{"line":12,"column":1}},"2":{"start":{"line":7,"column":20},"end":{"line":7,"column":51}},"3":{"start":{"line":8,"column":4},"end":{"line":10,"column":5}},"4":{"start":{"line":9,"column":8},"end":{"line":9,"column":86}},"5":{"start":{"line":11,"column":4},"end":{"line":11,"column":19}},"6":{"start":{"line":14,"column":36},"end":{"line":56,"column":1}},"7":{"start":{"line":15,"column":44},"end":{"line":19,"column":6}},"8":{"start":{"line":21,"column":29},"end":{"line":27,"column":5}},"9":{"start":{"line":22,"column":8},"end":{"line":26,"column":11}},"10":{"start":{"line":29,"column":29},"end":{"line":34,"column":5}},"11":{"start":{"line":30,"column":8},"end":{"line":33,"column":11}},"12":{"start":{"line":36,"column":4},"end":{"line":55,"column":6}}},"fnMap":{"0":{"name":"(anonymous_0)","decl":{"start":{"line":6,"column":31},"end":{"line":6,"column":32}},"loc":{"start":{"line":6,"column":37},"end":{"line":12,"column":1}},"line":6},"1":{"name":"(anonymous_1)","decl":{"start":{"line":14,"column":36},"end":{"line":14,"column":37}},"loc":{"start":{"line":14,"column":54},"end":{"line":56,"column":1}},"line":14},"2":{"name":"(anonymous_2)","decl":{"start":{"line":21,"column":29},"end":{"line":21,"column":30}},"loc":{"start":{"line":21,"column":61},"end":{"line":27,"column":5}},"line":21},"3":{"name":"(anonymous_3)","decl":{"start":{"line":29,"column":29},"end":{"line":29,"column":30}},"loc":{"start":{"line":29,"column":35},"end":{"line":34,"column":5}},"line":29}},"branchMap":{"0":{"loc":{"start":{"line":8,"column":4},"end":{"line":10,"column":5}},"type":"if","locations":[{"start":{"line":8,"column":4},"end":{"line":10,"column":5}},{"start":{},"end":{}}],"line":8},"1":{"loc":{"start":{"line":21,"column":39},"end":{"line":21,"column":56}},"type":"default-arg","locations":[{"start":{"line":21,"column":50},"end":{"line":21,"column":56}}],"line":21}},"s":{"0":0,"1":0,"2":0,"3":0,"4":0,"5":0,"6":0,"7":0,"8":0,"9":0,"10":0,"11":0,"12":0},"f":{"0":0,"1":0,"2":0,"3":0},"b":{"0":[0,0],"1":[0]}}
,"C:\\Users\\User\\BrainMeal\\src\\context\\ThemeContext.jsx": {"path":"C:\\Users\\User\\BrainMeal\\src\\context\\ThemeContext.jsx","statementMap":{"0":{"start":{"line":5,"column":21},"end":{"line":5,"column":36}},"1":{"start":{"line":7,"column":24},"end":{"line":13,"column":1}},"2":{"start":{"line":8,"column":20},"end":{"line":8,"column":44}},"3":{"start":{"line":9,"column":4},"end":{"line":11,"column":5}},"4":{"start":{"line":10,"column":8},"end":{"line":10,"column":72}},"5":{"start":{"line":12,"column":4},"end":{"line":12,"column":19}},"6":{"start":{"line":15,"column":29},"end":{"line":104,"column":1}},"7":{"start":{"line":16,"column":36},"end":{"line":19,"column":6}},"8":{"start":{"line":17,"column":27},"end":{"line":17,"column":56}},"9":{"start":{"line":18,"column":8},"end":{"line":18,"column":57}},"10":{"start":{"line":21,"column":4},"end":{"line":23,"column":19}},"11":{"start":{"line":22,"column":8},"end":{"line":22,"column":67}},"12":{"start":{"line":25,"column":18},"end":{"line":90,"column":6}},"13":{"start":{"line":92,"column":24},"end":{"line":94,"column":5}},"14":{"start":{"line":93,"column":8},"end":{"line":93,"column":43}},"15":{"start":{"line":93,"column":32},"end":{"line":93,"column":41}},"16":{"start":{"line":96,"column":4},"end":{"line":103,"column":6}}},"fnMap":{"0":{"name":"(anonymous_0)","decl":{"start":{"line":7,"column":24},"end":{"line":7,"column":25}},"loc":{"start":{"line":7,"column":30},"end":{"line":13,"column":1}},"line":7},"1":{"name":"(anonymous_1)","decl":{"start":{"line":15,"column":29},"end":{"line":15,"column":30}},"loc":{"start":{"line":15,"column":47},"end":{"line":104,"column":1}},"line":15},"2":{"name":"(anonymous_2)","decl":{"start":{"line":16,"column":45},"end":{"line":16,"column":46}},"loc":{"start":{"line":16,"column":51},"end":{"line":19,"column":5}},"line":16},"3":{"name":"(anonymous_3)","decl":{"start":{"line":21,"column":14},"end":{"line":21,"column":15}},"loc":{"start":{"line":21,"column":20},"end":{"line":23,"column":5}},"line":21},"4":{"name":"(anonymous_4)","decl":{"start":{"line":92,"column":24},"end":{"line":92,"column":25}},"loc":{"start":{"line":92,"column":30},"end":{"line":94,"column":5}},"line":92},"5":{"name":"(anonymous_5)","decl":{"start":{"line":93,"column":20},"end":{"line":93,"column":21}},"loc":{"start":{"line":93,"column":32},"end":{"line":93,"column":41}},"line":93}},"branchMap":{"0":{"loc":{"start":{"line":9,"column":4},"end":{"line":11,"column":5}},"type":"if","locations":[{"start":{"line":9,"column":4},"end":{"line":11,"column":5}},{"start":{},"end":{}}],"line":9},"1":{"loc":{"start":{"line":18,"column":15},"end":{"line":18,"column":56}},"type":"cond-expr","locations":[{"start":{"line":18,"column":28},"end":{"line":18,"column":49}},{"start":{"line":18,"column":52},"end":{"line":18,"column":56}}],"line":18},"2":{"loc":{"start":{"line":22,"column":38},"end":{"line":22,"column":65}},"type":"cond-expr","locations":[{"start":{"line":22,"column":49},"end":{"line":22,"column":55}},{"start":{"line":22,"column":58},"end":{"line":22,"column":65}}],"line":22},"3":{"loc":{"start":{"line":27,"column":18},"end":{"line":27,"column":45}},"type":"cond-expr","locations":[{"start":{"line":27,"column":29},"end":{"line":27,"column":35}},{"start":{"line":27,"column":38},"end":{"line":27,"column":45}}],"line":27},"4":{"loc":{"start":{"line":39,"column":25},"end":{"line":39,"column":57}},"type":"cond-expr","locations":[{"start":{"line":39,"column":36},"end":{"line":39,"column":45}},{"start":{"line":39,"column":48},"end":{"line":39,"column":57}}],"line":39},"5":{"loc":{"start":{"line":40,"column":23},"end":{"line":40,"column":55}},"type":"cond-expr","locations":[{"start":{"line":40,"column":34},"end":{"line":40,"column":43}},{"start":{"line":40,"column":46},"end":{"line":40,"column":55}}],"line":40}},"s":{"0":0,"1":0,"2":0,"3":0,"4":0,"5":0,"6":0,"7":0,"8":0,"9":0,"10":0,"11":0,"12":0,"13":0,"14":0,"15":0,"16":0},"f":{"0":0,"1":0,"2":0,"3":0,"4":0,"5":0},"b":{"0":[0,0],"1":[0,0],"2":[0,0],"3":[0,0],"4":[0,0],"5":[0,0]}}
,"C:\\Users\\User\\BrainMeal\\src\\pages\\Achievements.jsx": {"path":"C:\\Users\\User\\BrainMeal\\src\\pages\\Achievements.jsx","statementMap":{"0":{"start":{"line":15,"column":24},"end":{"line":57,"column":1}},"1":{"start":{"line":16,"column":18},"end":{"line":16,"column":31}},"2":{"start":{"line":18,"column":4},"end":{"line":56,"column":6}},"3":{"start":{"line":59,"column":21},"end":{"line":182,"column":1}},"4":{"start":{"line":60,"column":18},"end":{"line":60,"column":31}},"5":{"start":{"line":63,"column":25},"end":{"line":118,"column":5}},"6":{"start":{"line":120,"column":18},"end":{"line":124,"column":5}},"7":{"start":{"line":122,"column":56},"end":{"line":122,"column":69}},"8":{"start":{"line":123,"column":61},"end":{"line":123,"column":74}},"9":{"start":{"line":126,"column":4},"end":{"line":181,"column":6}},"10":{"start":{"line":175,"column":20},"end":{"line":177,"column":27}}},"fnMap":{"0":{"name":"(anonymous_0)","decl":{"start":{"line":15,"column":24},"end":{"line":15,"column":25}},"loc":{"start":{"line":15,"column":92},"end":{"line":57,"column":1}},"line":15},"1":{"name":"(anonymous_1)","decl":{"start":{"line":59,"column":21},"end":{"line":59,"column":22}},"loc":{"start":{"line":59,"column":27},"end":{"line":182,"column":1}},"line":59},"2":{"name":"(anonymous_2)","decl":{"start":{"line":122,"column":51},"end":{"line":122,"column":52}},"loc":{"start":{"line":122,"column":56},"end":{"line":122,"column":69}},"line":122},"3":{"name":"(anonymous_3)","decl":{"start":{"line":123,"column":56},"end":{"line":123,"column":57}},"loc":{"start":{"line":123,"column":61},"end":{"line":123,"column":74}},"line":123},"4":{"name":"(anonymous_4)","decl":{"start":{"line":174,"column":34},"end":{"line":174,"column":35}},"loc":{"start":{"line":175,"column":20},"end":{"line":177,"column":27}},"line":175}},"branchMap":{"0":{"loc":{"start":{"line":25,"column":31},"end":{"line":25,"column":52}},"type":"cond-expr","locations":[{"start":{"line":25,"column":45},"end":{"line":25,"column":46}},{"start":{"line":25,"column":49},"end":{"line":25,"column":52}}],"line":25},"1":{"loc":{"start":{"line":33,"column":31},"end":{"line":33,"column":77}},"type":"cond-expr","locations":[{"start":{"line":33,"column":45},"end":{"line":33,"column":59}},{"start":{"line":33,"column":62},"end":{"line":33,"column":77}}],"line":33},"2":{"loc":{"start":{"line":34,"column":31},"end":{"line":34,"column":66}},"type":"cond-expr","locations":[{"start":{"line":34,"column":45},"end":{"line":34,"column":54}},{"start":{"line":34,"column":57},"end":{"line":34,"column":66}}],"line":34}},"s":{"0":0,"1":0,"2":0,"3":0,"4":0,"5":0,"6":0,"7":0,"8":0,"9":0,"10":0},"f":{"0":0,"1":0,"2":0,"3":0,"4":0},"b":{"0":[0,0],"1":[0,0],"2":[0,0]}}
,"C:\\Users\\User\\BrainMeal\\src\\pages\\Analytics.jsx": {"path":"C:\\Users\\User\\BrainMeal\\src\\pages\\Analytics.jsx","statementMap":{"0":{"start":{"line":33,"column":18},"end":{"line":218,"column":1}},"1":{"start":{"line":34,"column":18},"end":{"line":34,"column":28}},"2":{"start":{"line":35,"column":18},"end":{"line":35,"column":31}},"3":{"start":{"line":36,"column":59},"end":{"line":36,"column":72}},"4":{"start":{"line":37,"column":38},"end":{"line":37,"column":54}},"5":{"start":{"line":38,"column":38},"end":{"line":38,"column":50}},"6":{"start":{"line":39,"column":46},"end":{"line":39,"column":58}},"7":{"start":{"line":41,"column":4},"end":{"line":75,"column":46}},"8":{"start":{"line":42,"column":26},"end":{"line":42,"column":36}},"9":{"start":{"line":43,"column":8},"end":{"line":47,"column":9}},"10":{"start":{"line":44,"column":12},"end":{"line":44,"column":55}},"11":{"start":{"line":45,"column":15},"end":{"line":47,"column":9}},"12":{"start":{"line":46,"column":12},"end":{"line":46,"column":57}},"13":{"start":{"line":49,"column":28},"end":{"line":49,"column":53}},"14":{"start":{"line":50,"column":30},"end":{"line":56,"column":11}},"15":{"start":{"line":50,"column":55},"end":{"line":56,"column":9}},"16":{"start":{"line":58,"column":8},"end":{"line":58,"column":36}},"17":{"start":{"line":61,"column":29},"end":{"line":66,"column":58}},"18":{"start":{"line":61,"column":66},"end":{"line":66,"column":9}},"19":{"start":{"line":68,"column":22},"end":{"line":68,"column":47}},"20":{"start":{"line":69,"column":8},"end":{"line":74,"column":11}},"21":{"start":{"line":77,"column":19},"end":{"line":77,"column":63}},"22":{"start":{"line":79,"column":4},"end":{"line":217,"column":6}},"23":{"start":{"line":104,"column":57},"end":{"line":104,"column":85}},"24":{"start":{"line":203,"column":52},"end":{"line":203,"column":119}}},"fnMap":{"0":{"name":"(anonymous_0)","decl":{"start":{"line":33,"column":18},"end":{"line":33,"column":19}},"loc":{"start":{"line":33,"column":24},"end":{"line":218,"column":1}},"line":33},"1":{"name":"(anonymous_1)","decl":{"start":{"line":41,"column":14},"end":{"line":41,"column":15}},"loc":{"start":{"line":41,"column":20},"end":{"line":75,"column":5}},"line":41},"2":{"name":"(anonymous_2)","decl":{"start":{"line":50,"column":46},"end":{"line":50,"column":47}},"loc":{"start":{"line":50,"column":55},"end":{"line":56,"column":9}},"line":50},"3":{"name":"(anonymous_3)","decl":{"start":{"line":61,"column":50},"end":{"line":61,"column":51}},"loc":{"start":{"line":61,"column":66},"end":{"line":66,"column":9}},"line":61},"4":{"name":"(anonymous_4)","decl":{"start":{"line":104,"column":50},"end":{"line":104,"column":51}},"loc":{"start":{"line":104,"column":57},"end":{"line":104,"column":85}},"line":104},"5":{"name":"(anonymous_5)","decl":{"start":{"line":202,"column":67},"end":{"line":202,"column":68}},"loc":{"start":{"line":203,"column":52},"end":{"line":203,"column":119}},"line":203}},"branchMap":{"0":{"loc":{"start":{"line":43,"column":8},"end":{"line":47,"column":9}},"type":"if","locations":[{"start":{"line":43,"column":8},"end":{"line":47,"column":9}},{"start":{"line":45,"column":15},"end":{"line":47,"column":9}}],"line":43},"1":{"loc":{"start":{"line":45,"column":15},"end":{"line":47,"column":9}},"type":"if","locations":[{"start":{"line":45,"column":15},"end":{"line":47,"column":9}},{"start":{},"end":{}}],"line":45},"2":{"loc":{"start":{"line":68,"column":22},"end":{"line":68,"column":47}},"type":"binary-expr","locations":[{"start":{"line":68,"column":22},"end":{"line":68,"column":42}},{"start":{"line":68,"column":46},"end":{"line":68,"column":47}}],"line":68}},"s":{"0":0,"1":0,"2":0,"3":0,"4":0,"5":0,"6":0,"7":0,"8":0,"9":0,"10":0,"11":0,"12":0,"13":0,"14":0,"15":0,"16":0,"17":0,"18":0,"19":0,"20":0,"21":0,"22":0,"23":0,"24":0},"f":{"0":0,"1":0,"2":0,"3":0,"4":0,"5":0},"b":{"0":[0,0],"1":[0,0],"2":[0,0]}}
,"C:\\Users\\User\\BrainMeal\\src\\pages\\Calendar.jsx": {"path":"C:\\Users\\User\\BrainMeal\\src\\pages\\Calendar.jsx","statementMap":{"0":{"start":{"line":21,"column":17},"end":{"line":195,"column":1}},"1":{"start":{"line":22,"column":18},"end":{"line":22,"column":31}},"2":{"start":{"line":23,"column":44},"end":{"line":23,"column":64}},"3":{"start":{"line":24,"column":40},"end":{"line":24,"column":55}},"4":{"start":{"line":25,"column":44},"end":{"line":25,"column":58}},"5":{"start":{"line":26,"column":30},"end":{"line":26,"column":42}},"6":{"start":{"line":28,"column":29},"end":{"line":30,"column":5}},"7":{"start":{"line":29,"column":8},"end":{"line":29,"column":30}},"8":{"start":{"line":32,"column":26},"end":{"line":34,"column":5}},"9":{"start":{"line":33,"column":8},"end":{"line":33,"column":28}},"10":{"start":{"line":36,"column":30},"end":{"line":39,"column":5}},"11":{"start":{"line":37,"column":8},"end":{"line":37,"column":29}},"12":{"start":{"line":38,"column":8},"end":{"line":38,"column":30}},"13":{"start":{"line":41,"column":27},"end":{"line":44,"column":5}},"14":{"start":{"line":43,"column":8},"end":{"line":43,"column":28}},"15":{"start":{"line":46,"column":27},"end":{"line":87,"column":5}},"16":{"start":{"line":47,"column":21},"end":{"line":47,"column":23}},"17":{"start":{"line":48,"column":25},"end":{"line":48,"column":89}},"18":{"start":{"line":49,"column":24},"end":{"line":49,"column":92}},"19":{"start":{"line":52,"column":8},"end":{"line":54,"column":9}},"20":{"start":{"line":52,"column":21},"end":{"line":52,"column":22}},"21":{"start":{"line":53,"column":12},"end":{"line":53,"column":64}},"22":{"start":{"line":57,"column":8},"end":{"line":84,"column":9}},"23":{"start":{"line":57,"column":21},"end":{"line":57,"column":22}},"24":{"start":{"line":58,"column":32},"end":{"line":58,"column":96}},"25":{"start":{"line":59,"column":31},"end":{"line":59,"column":89}},"26":{"start":{"line":61,"column":12},"end":{"line":83,"column":14}},"27":{"start":{"line":70,"column":35},"end":{"line":70,"column":64}},"28":{"start":{"line":75,"column":44},"end":{"line":75,"column":109}},"29":{"start":{"line":77,"column":32},"end":{"line":79,"column":45}},"30":{"start":{"line":86,"column":8},"end":{"line":86,"column":20}},"31":{"start":{"line":89,"column":4},"end":{"line":194,"column":6}},"32":{"start":{"line":109,"column":36},"end":{"line":113,"column":43}},"33":{"start":{"line":129,"column":52},"end":{"line":129,"column":118}},"34":{"start":{"line":131,"column":40},"end":{"line":141,"column":47}}},"fnMap":{"0":{"name":"(anonymous_0)","decl":{"start":{"line":21,"column":17},"end":{"line":21,"column":18}},"loc":{"start":{"line":21,"column":23},"end":{"line":195,"column":1}},"line":21},"1":{"name":"(anonymous_1)","decl":{"start":{"line":28,"column":29},"end":{"line":28,"column":30}},"loc":{"start":{"line":28,"column":39},"end":{"line":30,"column":5}},"line":28},"2":{"name":"(anonymous_2)","decl":{"start":{"line":32,"column":26},"end":{"line":32,"column":27}},"loc":{"start":{"line":32,"column":32},"end":{"line":34,"column":5}},"line":32},"3":{"name":"(anonymous_3)","decl":{"start":{"line":36,"column":30},"end":{"line":36,"column":31}},"loc":{"start":{"line":36,"column":36},"end":{"line":39,"column":5}},"line":36},"4":{"name":"(anonymous_4)","decl":{"start":{"line":41,"column":27},"end":{"line":41,"column":28}},"loc":{"start":{"line":41,"column":33},"end":{"line":44,"column":5}},"line":41},"5":{"name":"(anonymous_5)","decl":{"start":{"line":46,"column":27},"end":{"line":46,"column":28}},"loc":{"start":{"line":46,"column":33},"end":{"line":87,"column":5}},"line":46},"6":{"name":"(anonymous_6)","decl":{"start":{"line":70,"column":29},"end":{"line":70,"column":30}},"loc":{"start":{"line":70,"column":35},"end":{"line":70,"column":64}},"line":70},"7":{"name":"(anonymous_7)","decl":{"start":{"line":75,"column":36},"end":{"line":75,"column":37}},"loc":{"start":{"line":75,"column":44},"end":{"line":75,"column":109}},"line":75},"8":{"name":"(anonymous_8)","decl":{"start":{"line":76,"column":33},"end":{"line":76,"column":34}},"loc":{"start":{"line":77,"column":32},"end":{"line":79,"column":45}},"line":77},"9":{"name":"(anonymous_9)","decl":{"start":{"line":108,"column":80},"end":{"line":108,"column":81}},"loc":{"start":{"line":109,"column":36},"end":{"line":113,"column":43}},"line":109},"10":{"name":"(anonymous_10)","decl":{"start":{"line":129,"column":44},"end":{"line":129,"column":45}},"loc":{"start":{"line":129,"column":52},"end":{"line":129,"column":118}},"line":129},"11":{"name":"(anonymous_11)","decl":{"start":{"line":130,"column":41},"end":{"line":130,"column":42}},"loc":{"start":{"line":131,"column":40},"end":{"line":141,"column":47}},"line":131}},"branchMap":{"0":{"loc":{"start":{"line":67,"column":33},"end":{"line":67,"column":82}},"type":"cond-expr","locations":[{"start":{"line":67,"column":46},"end":{"line":67,"column":61}},{"start":{"line":67,"column":64},"end":{"line":67,"column":82}}],"line":67}},"s":{"0":0,"1":0,"2":0,"3":0,"4":0,"5":0,"6":0,"7":0,"8":0,"9":0,"10":0,"11":0,"12":0,"13":0,"14":0,"15":0,"16":0,"17":0,"18":0,"19":0,"20":0,"21":0,"22":0,"23":0,"24":0,"25":0,"26":0,"27":0,"28":0,"29":0,"30":0,"31":0,"32":0,"33":0,"34":0},"f":{"0":0,"1":0,"2":0,"3":0,"4":0,"5":0,"6":0,"7":0,"8":0,"9":0,"10":0,"11":0},"b":{"0":[0,0]}}
,"C:\\Users\\User\\BrainMeal\\src\\pages\\CalorieCalculator.jsx": {"path":"C:\\Users\\User\\BrainMeal\\src\\pages\\CalorieCalculator.jsx","statementMap":{"0":{"start":{"line":20,"column":18},"end":{"line":20,"column":31}},"1":{"start":{"line":21,"column":36},"end":{"line":28,"column":6}},"2":{"start":{"line":30,"column":32},"end":{"line":30,"column":46}},"3":{"start":{"line":32,"column":27},"end":{"line":38,"column":5}},"4":{"start":{"line":40,"column":28},"end":{"line":44,"column":5}},"5":{"start":{"line":46,"column":30},"end":{"line":64,"column":5}},"6":{"start":{"line":49,"column":8},"end":{"line":53,"column":9}},"7":{"start":{"line":50,"column":12},"end":{"line":50,"column":107}},"8":{"start":{"line":52,"column":12},"end":{"line":52,"column":107}},"9":{"start":{"line":56,"column":21},"end":{"line":56,"column":60}},"10":{"start":{"line":57,"column":31},"end":{"line":57,"column":80}},"11":{"start":{"line":59,"column":8},"end":{"line":63,"column":11}},"12":{"start":{"line":66,"column":25},"end":{"line":72,"column":5}},"13":{"start":{"line":67,"column":32},"end":{"line":67,"column":40}},"14":{"start":{"line":68,"column":8},"end":{"line":71,"column":12}},"15":{"start":{"line":68,"column":29},"end":{"line":71,"column":9}},"16":{"start":{"line":74,"column":4},"end":{"line":208,"column":6}},"17":{"start":{"line":131,"column":56},"end":{"line":131,"column":109}},"18":{"start":{"line":136,"column":51},"end":{"line":142,"column":37}},"19":{"start":{"line":143,"column":36},"end":{"line":143,"column":57}}},"fnMap":{"0":{"name":"CalorieCalculator","decl":{"start":{"line":19,"column":24},"end":{"line":19,"column":41}},"loc":{"start":{"line":19,"column":44},"end":{"line":209,"column":1}},"line":19},"1":{"name":"(anonymous_1)","decl":{"start":{"line":46,"column":30},"end":{"line":46,"column":31}},"loc":{"start":{"line":46,"column":36},"end":{"line":64,"column":5}},"line":46},"2":{"name":"(anonymous_2)","decl":{"start":{"line":66,"column":25},"end":{"line":66,"column":26}},"loc":{"start":{"line":66,"column":32},"end":{"line":72,"column":5}},"line":66},"3":{"name":"(anonymous_3)","decl":{"start":{"line":68,"column":20},"end":{"line":68,"column":21}},"loc":{"start":{"line":68,"column":29},"end":{"line":71,"column":9}},"line":68},"4":{"name":"(anonymous_4)","decl":{"start":{"line":131,"column":42},"end":{"line":131,"column":43}},"loc":{"start":{"line":131,"column":56},"end":{"line":131,"column":109}},"line":131},"5":{"name":"(anonymous_5)","decl":{"start":{"line":135,"column":50},"end":{"line":135,"column":51}},"loc":{"start":{"line":135,"column":61},"end":{"line":144,"column":33}},"line":135}},"branchMap":{"0":{"loc":{"start":{"line":49,"column":8},"end":{"line":53,"column":9}},"type":"if","locations":[{"start":{"line":49,"column":8},"end":{"line":53,"column":9}},{"start":{"line":51,"column":15},"end":{"line":53,"column":9}}],"line":49},"1":{"loc":{"start":{"line":168,"column":42},"end":{"line":168,"column":95}},"type":"binary-expr","locations":[{"start":{"line":168,"column":42},"end":{"line":168,"column":55}},{"start":{"line":168,"column":59},"end":{"line":168,"column":75}},{"start":{"line":168,"column":79},"end":{"line":168,"column":95}}],"line":168},"2":{"loc":{"start":{"line":177,"column":13},"end":{"line":206,"column":13}},"type":"binary-expr","locations":[{"start":{"line":177,"column":13},"end":{"line":177,"column":19}},{"start":{"line":178,"column":16},"end":{"line":205,"column":24}}],"line":177}},"s":{"0":0,"1":0,"2":0,"3":0,"4":0,"5":0,"6":0,"7":0,"8":0,"9":0,"10":0,"11":0,"12":0,"13":0,"14":0,"15":0,"16":0,"17":0,"18":0,"19":0},"f":{"0":0,"1":0,"2":0,"3":0,"4":0,"5":0},"b":{"0":[0,0],"1":[0,0,0],"2":[0,0]}}
,"C:\\Users\\User\\BrainMeal\\src\\pages\\Education.jsx": {"path":"C:\\Users\\User\\BrainMeal\\src\\pages\\Education.jsx","statementMap":{"0":{"start":{"line":28,"column":18},"end":{"line":28,"column":31}},"1":{"start":{"line":29,"column":36},"end":{"line":29,"column":47}},"2":{"start":{"line":31,"column":28},"end":{"line":33,"column":5}},"3":{"start":{"line":32,"column":8},"end":{"line":32,"column":30}},"4":{"start":{"line":35,"column":21},"end":{"line":52,"column":5}},"5":{"start":{"line":54,"column":19},"end":{"line":71,"column":5}},"6":{"start":{"line":73,"column":20},"end":{"line":90,"column":5}},"7":{"start":{"line":92,"column":17},"end":{"line":111,"column":5}},"8":{"start":{"line":113,"column":26},"end":{"line":268,"column":5}},"9":{"start":{"line":114,"column":8},"end":{"line":267,"column":9}},"10":{"start":{"line":116,"column":16},"end":{"line":155,"column":18}},"11":{"start":{"line":119,"column":28},"end":{"line":152,"column":35}},"12":{"start":{"line":136,"column":48},"end":{"line":136,"column":91}},"13":{"start":{"line":157,"column":16},"end":{"line":194,"column":18}},"14":{"start":{"line":160,"column":28},"end":{"line":191,"column":35}},"15":{"start":{"line":196,"column":16},"end":{"line":233,"column":18}},"16":{"start":{"line":199,"column":28},"end":{"line":230,"column":35}},"17":{"start":{"line":235,"column":16},"end":{"line":264,"column":18}},"18":{"start":{"line":238,"column":28},"end":{"line":261,"column":39}},"19":{"start":{"line":266,"column":16},"end":{"line":266,"column":28}},"20":{"start":{"line":270,"column":4},"end":{"line":305,"column":6}}},"fnMap":{"0":{"name":"Education","decl":{"start":{"line":27,"column":24},"end":{"line":27,"column":33}},"loc":{"start":{"line":27,"column":36},"end":{"line":306,"column":1}},"line":27},"1":{"name":"(anonymous_1)","decl":{"start":{"line":31,"column":28},"end":{"line":31,"column":29}},"loc":{"start":{"line":31,"column":49},"end":{"line":33,"column":5}},"line":31},"2":{"name":"(anonymous_2)","decl":{"start":{"line":113,"column":26},"end":{"line":113,"column":27}},"loc":{"start":{"line":113,"column":32},"end":{"line":268,"column":5}},"line":113},"3":{"name":"(anonymous_3)","decl":{"start":{"line":118,"column":38},"end":{"line":118,"column":39}},"loc":{"start":{"line":119,"column":28},"end":{"line":152,"column":35}},"line":119},"4":{"name":"(anonymous_4)","decl":{"start":{"line":135,"column":62},"end":{"line":135,"column":63}},"loc":{"start":{"line":136,"column":48},"end":{"line":136,"column":91}},"line":136},"5":{"name":"(anonymous_5)","decl":{"start":{"line":159,"column":36},"end":{"line":159,"column":37}},"loc":{"start":{"line":160,"column":28},"end":{"line":191,"column":35}},"line":160},"6":{"name":"(anonymous_6)","decl":{"start":{"line":198,"column":37},"end":{"line":198,"column":38}},"loc":{"start":{"line":199,"column":28},"end":{"line":230,"column":35}},"line":199},"7":{"name":"(anonymous_7)","decl":{"start":{"line":237,"column":34},"end":{"line":237,"column":35}},"loc":{"start":{"line":238,"column":28},"end":{"line":261,"column":39}},"line":238}},"branchMap":{"0":{"loc":{"start":{"line":114,"column":8},"end":{"line":267,"column":9}},"type":"switch","locations":[{"start":{"line":115,"column":12},"end":{"line":155,"column":18}},{"start":{"line":156,"column":12},"end":{"line":194,"column":18}},{"start":{"line":195,"column":12},"end":{"line":233,"column":18}},{"start":{"line":234,"column":12},"end":{"line":264,"column":18}},{"start":{"line":265,"column":12},"end":{"line":266,"column":28}}],"line":114}},"s":{"0":0,"1":0,"2":0,"3":0,"4":0,"5":0,"6":0,"7":0,"8":0,"9":0,"10":0,"11":0,"12":0,"13":0,"14":0,"15":0,"16":0,"17":0,"18":0,"19":0,"20":0},"f":{"0":0,"1":0,"2":0,"3":0,"4":0,"5":0,"6":0,"7":0},"b":{"0":[0,0,0,0,0]}}
,"C:\\Users\\User\\BrainMeal\\src\\pages\\GetStarted.jsx": {"path":"C:\\Users\\User\\BrainMeal\\src\\pages\\GetStarted.jsx","statementMap":{"0":{"start":{"line":19,"column":18},"end":{"line":19,"column":29}},"1":{"start":{"line":21,"column":19},"end":{"line":194,"column":1}},"2":{"start":{"line":22,"column":21},"end":{"line":22,"column":34}},"3":{"start":{"line":23,"column":18},"end":{"line":23,"column":31}},"4":{"start":{"line":24,"column":18},"end":{"line":24,"column":28}},"5":{"start":{"line":25,"column":42},"end":{"line":25,"column":57}},"6":{"start":{"line":27,"column":4},"end":{"line":29,"column":11}},"7":{"start":{"line":28,"column":8},"end":{"line":28,"column":29}},"8":{"start":{"line":31,"column":21},"end":{"line":56,"column":5}},"9":{"start":{"line":58,"column":4},"end":{"line":193,"column":6}},"10":{"start":{"line":101,"column":24},"end":{"line":147,"column":31}},"11":{"start":{"line":163,"column":43},"end":{"line":163,"column":64}},"12":{"start":{"line":177,"column":43},"end":{"line":177,"column":61}}},"fnMap":{"0":{"name":"(anonymous_0)","decl":{"start":{"line":21,"column":19},"end":{"line":21,"column":20}},"loc":{"start":{"line":21,"column":25},"end":{"line":194,"column":1}},"line":21},"1":{"name":"(anonymous_1)","decl":{"start":{"line":27,"column":20},"end":{"line":27,"column":21}},"loc":{"start":{"line":27,"column":26},"end":{"line":29,"column":5}},"line":27},"2":{"name":"(anonymous_2)","decl":{"start":{"line":100,"column":34},"end":{"line":100,"column":35}},"loc":{"start":{"line":101,"column":24},"end":{"line":147,"column":31}},"line":101},"3":{"name":"(anonymous_3)","decl":{"start":{"line":163,"column":37},"end":{"line":163,"column":38}},"loc":{"start":{"line":163,"column":43},"end":{"line":163,"column":64}},"line":163},"4":{"name":"(anonymous_4)","decl":{"start":{"line":177,"column":37},"end":{"line":177,"column":38}},"loc":{"start":{"line":177,"column":43},"end":{"line":177,"column":61}},"line":177}},"branchMap":{},"s":{"0":0,"1":0,"2":0,"3":0,"4":0,"5":0,"6":0,"7":0,"8":0,"9":0,"10":0,"11":0,"12":0},"f":{"0":0,"1":0,"2":0,"3":0,"4":0},"b":{}}
,"C:\\Users\\User\\BrainMeal\\src\\pages\\Home.jsx": {"path":"C:\\Users\\User\\BrainMeal\\src\\pages\\Home.jsx","statementMap":{"0":{"start":{"line":7,"column":18},"end":{"line":7,"column":31}},"1":{"start":{"line":8,"column":21},"end":{"line":8,"column":34}},"2":{"start":{"line":9,"column":28},"end":{"line":9,"column":37}},"3":{"start":{"line":11,"column":21},"end":{"line":32,"column":5}},"4":{"start":{"line":34,"column":4},"end":{"line":103,"column":6}},"5":{"start":{"line":57,"column":43},"end":{"line":57,"column":64}},"6":{"start":{"line":66,"column":43},"end":{"line":66,"column":61}},"7":{"start":{"line":76,"column":20},"end":{"line":99,"column":27}},"8":{"start":{"line":88,"column":43},"end":{"line":88,"column":65}}},"fnMap":{"0":{"name":"Home","decl":{"start":{"line":6,"column":24},"end":{"line":6,"column":28}},"loc":{"start":{"line":6,"column":31},"end":{"line":104,"column":1}},"line":6},"1":{"name":"(anonymous_1)","decl":{"start":{"line":57,"column":37},"end":{"line":57,"column":38}},"loc":{"start":{"line":57,"column":43},"end":{"line":57,"column":64}},"line":57},"2":{"name":"(anonymous_2)","decl":{"start":{"line":66,"column":37},"end":{"line":66,"column":38}},"loc":{"start":{"line":66,"column":43},"end":{"line":66,"column":61}},"line":66},"3":{"name":"(anonymous_3)","decl":{"start":{"line":75,"column":30},"end":{"line":75,"column":31}},"loc":{"start":{"line":76,"column":20},"end":{"line":99,"column":27}},"line":76},"4":{"name":"(anonymous_4)","decl":{"start":{"line":88,"column":37},"end":{"line":88,"column":38}},"loc":{"start":{"line":88,"column":43},"end":{"line":88,"column":65}},"line":88}},"branchMap":{"0":{"loc":{"start":{"line":51,"column":17},"end":{"line":71,"column":17}},"type":"binary-expr","locations":[{"start":{"line":51,"column":17},"end":{"line":51,"column":29}},{"start":{"line":52,"column":20},"end":{"line":70,"column":26}}],"line":51}},"s":{"0":0,"1":0,"2":0,"3":0,"4":0,"5":0,"6":0,"7":0,"8":0},"f":{"0":0,"1":0,"2":0,"3":0,"4":0},"b":{"0":[0,0]}}
,"C:\\Users\\User\\BrainMeal\\src\\pages\\Login.jsx": {"path":"C:\\Users\\User\\BrainMeal\\src\\pages\\Login.jsx","statementMap":{"0":{"start":{"line":8,"column":21},"end":{"line":39,"column":1}},"1":{"start":{"line":41,"column":14},"end":{"line":235,"column":1}},"2":{"start":{"line":42,"column":21},"end":{"line":42,"column":34}},"3":{"start":{"line":45,"column":25},"end":{"line":46,"column":59}},"4":{"start":{"line":47,"column":23},"end":{"line":47,"column":78}},"5":{"start":{"line":48,"column":30},"end":{"line":48,"column":50}},"6":{"start":{"line":51,"column":24},"end":{"line":51,"column":56}},"7":{"start":{"line":52,"column":26},"end":{"line":52,"column":81}},"8":{"start":{"line":53,"column":36},"end":{"line":53,"column":59}},"9":{"start":{"line":56,"column":14},"end":{"line":56,"column":55}},"10":{"start":{"line":58,"column":21},"end":{"line":58,"column":34}},"11":{"start":{"line":60,"column":30},"end":{"line":60,"column":42}},"12":{"start":{"line":61,"column":36},"end":{"line":61,"column":48}},"13":{"start":{"line":62,"column":30},"end":{"line":62,"column":42}},"14":{"start":{"line":63,"column":34},"end":{"line":63,"column":46}},"15":{"start":{"line":64,"column":34},"end":{"line":64,"column":49}},"16":{"start":{"line":66,"column":27},"end":{"line":73,"column":5}},"17":{"start":{"line":67,"column":8},"end":{"line":72,"column":11}},"18":{"start":{"line":75,"column":4},"end":{"line":79,"column":26}},"19":{"start":{"line":76,"column":8},"end":{"line":76,"column":40}},"20":{"start":{"line":77,"column":8},"end":{"line":77,"column":45}},"21":{"start":{"line":78,"column":8},"end":{"line":78,"column":51}},"22":{"start":{"line":82,"column":32},"end":{"line":99,"column":5}},"23":{"start":{"line":83,"column":8},"end":{"line":98,"column":9}},"24":{"start":{"line":84,"column":29},"end":{"line":86,"column":14}},"25":{"start":{"line":87,"column":12},"end":{"line":87,"column":65}},"26":{"start":{"line":88,"column":12},"end":{"line":88,"column":33}},"27":{"start":{"line":90,"column":12},"end":{"line":90,"column":74}},"28":{"start":{"line":93,"column":12},"end":{"line":97,"column":14}},"29":{"start":{"line":101,"column":24},"end":{"line":158,"column":5}},"30":{"start":{"line":102,"column":8},"end":{"line":102,"column":27}},"31":{"start":{"line":104,"column":8},"end":{"line":107,"column":9}},"32":{"start":{"line":105,"column":12},"end":{"line":105,"column":35}},"33":{"start":{"line":106,"column":12},"end":{"line":106,"column":19}},"34":{"start":{"line":109,"column":8},"end":{"line":109,"column":25}},"35":{"start":{"line":110,"column":8},"end":{"line":110,"column":21}},"36":{"start":{"line":111,"column":8},"end":{"line":111,"column":23}},"37":{"start":{"line":113,"column":8},"end":{"line":157,"column":9}},"38":{"start":{"line":115,"column":35},"end":{"line":115,"column":90}},"39":{"start":{"line":116,"column":12},"end":{"line":116,"column":64}},"40":{"start":{"line":119,"column":36},"end":{"line":122,"column":13}},"41":{"start":{"line":125,"column":12},"end":{"line":134,"column":13}},"42":{"start":{"line":126,"column":16},"end":{"line":126,"column":43}},"43":{"start":{"line":128,"column":16},"end":{"line":133,"column":20}},"44":{"start":{"line":137,"column":12},"end":{"line":143,"column":15}},"45":{"start":{"line":145,"column":12},"end":{"line":145,"column":69}},"46":{"start":{"line":148,"column":12},"end":{"line":154,"column":13}},"47":{"start":{"line":149,"column":16},"end":{"line":149,"column":52}},"48":{"start":{"line":150,"column":19},"end":{"line":154,"column":13}},"49":{"start":{"line":151,"column":16},"end":{"line":151,"column":49}},"50":{"start":{"line":153,"column":16},"end":{"line":153,"column":41}},"51":{"start":{"line":156,"column":12},"end":{"line":156,"column":30}},"52":{"start":{"line":160,"column":24},"end":{"line":162,"column":5}},"53":{"start":{"line":161,"column":8},"end":{"line":161,"column":54}},"54":{"start":{"line":164,"column":33},"end":{"line":171,"column":5}},"55":{"start":{"line":165,"column":8},"end":{"line":170,"column":11}},"56":{"start":{"line":173,"column":4},"end":{"line":234,"column":6}},"57":{"start":{"line":198,"column":32},"end":{"line":198,"column":57}},"58":{"start":{"line":199,"column":32},"end":{"line":199,"column":45}},"59":{"start":{"line":210,"column":32},"end":{"line":210,"column":60}},"60":{"start":{"line":211,"column":32},"end":{"line":211,"column":45}}},"fnMap":{"0":{"name":"(anonymous_0)","decl":{"start":{"line":41,"column":14},"end":{"line":41,"column":15}},"loc":{"start":{"line":41,"column":20},"end":{"line":235,"column":1}},"line":41},"1":{"name":"(anonymous_1)","decl":{"start":{"line":66,"column":27},"end":{"line":66,"column":28}},"loc":{"start":{"line":66,"column":33},"end":{"line":73,"column":5}},"line":66},"2":{"name":"(anonymous_2)","decl":{"start":{"line":75,"column":14},"end":{"line":75,"column":15}},"loc":{"start":{"line":75,"column":20},"end":{"line":79,"column":5}},"line":75},"3":{"name":"(anonymous_3)","decl":{"start":{"line":82,"column":32},"end":{"line":82,"column":33}},"loc":{"start":{"line":82,"column":53},"end":{"line":99,"column":5}},"line":82},"4":{"name":"(anonymous_4)","decl":{"start":{"line":101,"column":24},"end":{"line":101,"column":25}},"loc":{"start":{"line":101,"column":37},"end":{"line":158,"column":5}},"line":101},"5":{"name":"(anonymous_5)","decl":{"start":{"line":160,"column":24},"end":{"line":160,"column":25}},"loc":{"start":{"line":160,"column":30},"end":{"line":162,"column":5}},"line":160},"6":{"name":"(anonymous_6)","decl":{"start":{"line":164,"column":33},"end":{"line":164,"column":34}},"loc":{"start":{"line":164,"column":39},"end":{"line":171,"column":5}},"line":164},"7":{"name":"(anonymous_7)","decl":{"start":{"line":197,"column":38},"end":{"line":197,"column":39}},"loc":{"start":{"line":197,"column":45},"end":{"line":200,"column":29}},"line":197},"8":{"name":"(anonymous_8)","decl":{"start":{"line":209,"column":38},"end":{"line":209,"column":39}},"loc":{"start":{"line":209,"column":45},"end":{"line":212,"column":29}},"line":209}},"branchMap":{"0":{"loc":{"start":{"line":45,"column":25},"end":{"line":46,"column":59}},"type":"cond-expr","locations":[{"start":{"line":46,"column":9},"end":{"line":46,"column":51}},{"start":{"line":46,"column":55},"end":{"line":46,"column":59}}],"line":45},"1":{"loc":{"start":{"line":46,"column":9},"end":{"line":46,"column":51}},"type":"cond-expr","locations":[{"start":{"line":46,"column":35},"end":{"line":46,"column":41}},{"start":{"line":46,"column":44},"end":{"line":46,"column":51}}],"line":46},"2":{"loc":{"start":{"line":47,"column":23},"end":{"line":47,"column":78}},"type":"binary-expr","locations":[{"start":{"line":47,"column":23},"end":{"line":47,"column":35}},{"start":{"line":47,"column":39},"end":{"line":47,"column":68}},{"start":{"line":47,"column":72},"end":{"line":47,"column":78}}],"line":47},"3":{"loc":{"start":{"line":51,"column":24},"end":{"line":51,"column":56}},"type":"binary-expr","locations":[{"start":{"line":51,"column":24},"end":{"line":51,"column":48}},{"start":{"line":51,"column":52},"end":{"line":51,"column":56}}],"line":51},"4":{"loc":{"start":{"line":52,"column":26},"end":{"line":52,"column":81}},"type":"binary-expr","locations":[{"start":{"line":52,"column":26},"end":{"line":52,"column":37}},{"start":{"line":52,"column":41},"end":{"line":52,"column":73}},{"start":{"line":52,"column":77},"end":{"line":52,"column":81}}],"line":52},"5":{"loc":{"start":{"line":56,"column":14},"end":{"line":56,"column":55}},"type":"binary-expr","locations":[{"start":{"line":56,"column":14},"end":{"line":56,"column":36}},{"start":{"line":56,"column":40},"end":{"line":56,"column":55}}],"line":56},"6":{"loc":{"start":{"line":104,"column":8},"end":{"line":107,"column":9}},"type":"if","locations":[{"start":{"line":104,"column":8},"end":{"line":107,"column":9}},{"start":{},"end":{}}],"line":104},"7":{"loc":{"start":{"line":104,"column":12},"end":{"line":104,"column":31}},"type":"binary-expr","locations":[{"start":{"line":104,"column":12},"end":{"line":104,"column":18}},{"start":{"line":104,"column":22},"end":{"line":104,"column":31}}],"line":104},"8":{"loc":{"start":{"line":125,"column":12},"end":{"line":134,"column":13}},"type":"if","locations":[{"start":{"line":125,"column":12},"end":{"line":134,"column":13}},{"start":{},"end":{}}],"line":125},"9":{"loc":{"start":{"line":141,"column":38},"end":{"line":141,"column":79}},"type":"binary-expr","locations":[{"start":{"line":141,"column":38},"end":{"line":141,"column":70}},{"start":{"line":141,"column":74},"end":{"line":141,"column":79}}],"line":141},"10":{"loc":{"start":{"line":148,"column":12},"end":{"line":154,"column":13}},"type":"if","locations":[{"start":{"line":148,"column":12},"end":{"line":154,"column":13}},{"start":{"line":150,"column":19},"end":{"line":154,"column":13}}],"line":148},"11":{"loc":{"start":{"line":148,"column":16},"end":{"line":148,"column":92}},"type":"binary-expr","locations":[{"start":{"line":148,"column":16},"end":{"line":148,"column":52}},{"start":{"line":148,"column":56},"end":{"line":148,"column":92}}],"line":148},"12":{"loc":{"start":{"line":150,"column":19},"end":{"line":154,"column":13}},"type":"if","locations":[{"start":{"line":150,"column":19},"end":{"line":154,"column":13}},{"start":{"line":152,"column":19},"end":{"line":154,"column":13}}],"line":150},"13":{"loc":{"start":{"line":161,"column":17},"end":{"line":161,"column":52}},"type":"cond-expr","locations":[{"start":{"line":161,"column":36},"end":{"line":161,"column":43}},{"start":{"line":161,"column":46},"end":{"line":161,"column":52}}],"line":161},"14":{"loc":{"start":{"line":178,"column":17},"end":{"line":182,"column":17}},"type":"binary-expr","locations":[{"start":{"line":178,"column":17},"end":{"line":178,"column":22}},{"start":{"line":179,"column":20},"end":{"line":181,"column":26}}],"line":178},"15":{"loc":{"start":{"line":184,"column":17},"end":{"line":188,"column":17}},"type":"binary-expr","locations":[{"start":{"line":184,"column":17},"end":{"line":184,"column":24}},{"start":{"line":184,"column":28},"end":{"line":184,"column":34}},{"start":{"line":185,"column":20},"end":{"line":187,"column":26}}],"line":184},"16":{"loc":{"start":{"line":220,"column":25},"end":{"line":220,"column":82}},"type":"cond-expr","locations":[{"start":{"line":220,"column":35},"end":{"line":220,"column":66}},{"start":{"line":220,"column":69},"end":{"line":220,"column":82}}],"line":220},"17":{"loc":{"start":{"line":231,"column":17},"end":{"line":231,"column":47}},"type":"cond-expr","locations":[{"start":{"line":231,"column":36},"end":{"line":231,"column":40}},{"start":{"line":231,"column":43},"end":{"line":231,"column":47}}],"line":231}},"s":{"0":0,"1":0,"2":0,"3":0,"4":0,"5":0,"6":0,"7":0,"8":0,"9":0,"10":0,"11":0,"12":0,"13":0,"14":0,"15":0,"16":0,"17":0,"18":0,"19":0,"20":0,"21":0,"22":0,"23":0,"24":0,"25":0,"26":0,"27":0,"28":0,"29":0,"30":0,"31":0,"32":0,"33":0,"34":0,"35":0,"36":0,"37":0,"38":0,"39":0,"40":0,"41":0,"42":0,"43":0,"44":0,"45":0,"46":0,"47":0,"48":0,"49":0,"50":0,"51":0,"52":0,"53":0,"54":0,"55":0,"56":0,"57":0,"58":0,"59":0,"60":0},"f":{"0":0,"1":0,"2":0,"3":0,"4":0,"5":0,"6":0,"7":0,"8":0},"b":{"0":[0,0],"1":[0,0],"2":[0,0,0],"3":[0,0],"4":[0,0,0],"5":[0,0],"6":[0,0],"7":[0,0],"8":[0,0],"9":[0,0],"10":[0,0],"11":[0,0],"12":[0,0],"13":[0,0],"14":[0,0],"15":[0,0,0],"16":[0,0],"17":[0,0]}}
,"C:\\Users\\User\\BrainMeal\\src\\pages\\MealPlan.jsx": {"path":"C:\\Users\\User\\BrainMeal\\src\\pages\\MealPlan.jsx","statementMap":{"0":{"start":{"line":40,"column":21},"end":{"line":40,"column":34}},"1":{"start":{"line":41,"column":21},"end":{"line":41,"column":34}},"2":{"start":{"line":42,"column":18},"end":{"line":42,"column":31}},"3":{"start":{"line":43,"column":18},"end":{"line":43,"column":28}},"4":{"start":{"line":44,"column":21},"end":{"line":44,"column":30}},"5":{"start":{"line":56,"column":8},"end":{"line":56,"column":21}},"6":{"start":{"line":58,"column":36},"end":{"line":58,"column":50}},"7":{"start":{"line":59,"column":40},"end":{"line":59,"column":54}},"8":{"start":{"line":60,"column":38},"end":{"line":60,"column":52}},"9":{"start":{"line":61,"column":50},"end":{"line":61,"column":65}},"10":{"start":{"line":62,"column":48},"end":{"line":62,"column":63}},"11":{"start":{"line":63,"column":44},"end":{"line":63,"column":64}},"12":{"start":{"line":64,"column":40},"end":{"line":64,"column":55}},"13":{"start":{"line":65,"column":42},"end":{"line":65,"column":56}},"14":{"start":{"line":66,"column":38},"end":{"line":66,"column":49}},"15":{"start":{"line":67,"column":42},"end":{"line":67,"column":56}},"16":{"start":{"line":68,"column":36},"end":{"line":76,"column":6}},"17":{"start":{"line":79,"column":36},"end":{"line":85,"column":6}},"18":{"start":{"line":80,"column":27},"end":{"line":80,"column":56}},"19":{"start":{"line":81,"column":8},"end":{"line":83,"column":9}},"20":{"start":{"line":82,"column":12},"end":{"line":82,"column":41}},"21":{"start":{"line":84,"column":8},"end":{"line":84,"column":49}},"22":{"start":{"line":87,"column":36},"end":{"line":93,"column":6}},"23":{"start":{"line":88,"column":30},"end":{"line":88,"column":62}},"24":{"start":{"line":89,"column":8},"end":{"line":91,"column":9}},"25":{"start":{"line":90,"column":12},"end":{"line":90,"column":33}},"26":{"start":{"line":92,"column":8},"end":{"line":92,"column":48}},"27":{"start":{"line":95,"column":4},"end":{"line":97,"column":19}},"28":{"start":{"line":96,"column":8},"end":{"line":96,"column":67}},"29":{"start":{"line":99,"column":4},"end":{"line":101,"column":19}},"30":{"start":{"line":100,"column":8},"end":{"line":100,"column":51}},"31":{"start":{"line":104,"column":4},"end":{"line":116,"column":12}},"32":{"start":{"line":105,"column":31},"end":{"line":105,"column":63}},"33":{"start":{"line":106,"column":8},"end":{"line":115,"column":9}},"34":{"start":{"line":107,"column":12},"end":{"line":112,"column":13}},"35":{"start":{"line":108,"column":16},"end":{"line":108,"column":56}},"36":{"start":{"line":110,"column":16},"end":{"line":110,"column":63}},"37":{"start":{"line":111,"column":16},"end":{"line":111,"column":48}},"38":{"start":{"line":114,"column":12},"end":{"line":114,"column":41}},"39":{"start":{"line":119,"column":4},"end":{"line":144,"column":30}},"40":{"start":{"line":120,"column":26},"end":{"line":120,"column":48}},"41":{"start":{"line":121,"column":8},"end":{"line":121,"column":68}},"42":{"start":{"line":122,"column":26},"end":{"line":122,"column":51}},"43":{"start":{"line":124,"column":22},"end":{"line":141,"column":14}},"44":{"start":{"line":125,"column":24},"end":{"line":125,"column":93}},"45":{"start":{"line":126,"column":12},"end":{"line":134,"column":13}},"46":{"start":{"line":127,"column":16},"end":{"line":133,"column":18}},"47":{"start":{"line":135,"column":12},"end":{"line":135,"column":52}},"48":{"start":{"line":136,"column":12},"end":{"line":136,"column":50}},"49":{"start":{"line":137,"column":12},"end":{"line":137,"column":46}},"50":{"start":{"line":138,"column":12},"end":{"line":138,"column":42}},"51":{"start":{"line":139,"column":12},"end":{"line":139,"column":32}},"52":{"start":{"line":140,"column":12},"end":{"line":140,"column":23}},"53":{"start":{"line":143,"column":8},"end":{"line":143,"column":30}},"54":{"start":{"line":146,"column":24},"end":{"line":148,"column":5}},"55":{"start":{"line":147,"column":8},"end":{"line":147,"column":29}},"56":{"start":{"line":150,"column":29},"end":{"line":153,"column":5}},"57":{"start":{"line":151,"column":24},"end":{"line":151,"column":52}},"58":{"start":{"line":152,"column":8},"end":{"line":152,"column":33}},"59":{"start":{"line":155,"column":37},"end":{"line":176,"column":5}},"60":{"start":{"line":156,"column":8},"end":{"line":159,"column":9}},"61":{"start":{"line":157,"column":12},"end":{"line":157,"column":41}},"62":{"start":{"line":158,"column":12},"end":{"line":158,"column":19}},"63":{"start":{"line":160,"column":8},"end":{"line":160,"column":33}},"64":{"start":{"line":161,"column":8},"end":{"line":161,"column":23}},"65":{"start":{"line":162,"column":8},"end":{"line":175,"column":9}},"66":{"start":{"line":163,"column":34},"end":{"line":166,"column":14}},"67":{"start":{"line":167,"column":12},"end":{"line":167,"column":41}},"68":{"start":{"line":168,"column":12},"end":{"line":168,"column":40}},"69":{"start":{"line":169,"column":12},"end":{"line":169,"column":31}},"70":{"start":{"line":171,"column":12},"end":{"line":171,"column":31}},"71":{"start":{"line":172,"column":12},"end":{"line":172,"column":111}},"72":{"start":{"line":174,"column":12},"end":{"line":174,"column":38}},"73":{"start":{"line":178,"column":36},"end":{"line":198,"column":5}},"74":{"start":{"line":179,"column":8},"end":{"line":182,"column":9}},"75":{"start":{"line":180,"column":12},"end":{"line":180,"column":41}},"76":{"start":{"line":181,"column":12},"end":{"line":181,"column":19}},"77":{"start":{"line":183,"column":8},"end":{"line":183,"column":32}},"78":{"start":{"line":184,"column":8},"end":{"line":184,"column":23}},"79":{"start":{"line":185,"column":8},"end":{"line":197,"column":9}},"80":{"start":{"line":186,"column":34},"end":{"line":189,"column":14}},"81":{"start":{"line":190,"column":12},"end":{"line":190,"column":40}},"82":{"start":{"line":191,"column":12},"end":{"line":191,"column":32}},"83":{"start":{"line":193,"column":12},"end":{"line":193,"column":31}},"84":{"start":{"line":194,"column":12},"end":{"line":194,"column":109}},"85":{"start":{"line":196,"column":12},"end":{"line":196,"column":37}},"86":{"start":{"line":200,"column":29},"end":{"line":217,"column":5}},"87":{"start":{"line":201,"column":8},"end":{"line":215,"column":9}},"88":{"start":{"line":202,"column":12},"end":{"line":202,"column":33}},"89":{"start":{"line":203,"column":12},"end":{"line":203,"column":30}},"90":{"start":{"line":205,"column":12},"end":{"line":205,"column":33}},"91":{"start":{"line":206,"column":12},"end":{"line":214,"column":15}},"92":{"start":{"line":216,"column":8},"end":{"line":216,"column":28}},"93":{"start":{"line":219,"column":30},"end":{"line":231,"column":5}},"94":{"start":{"line":220,"column":8},"end":{"line":220,"column":29}},"95":{"start":{"line":221,"column":8},"end":{"line":221,"column":29}},"96":{"start":{"line":222,"column":8},"end":{"line":230,"column":11}},"97":{"start":{"line":233,"column":25},"end":{"line":254,"column":5}},"98":{"start":{"line":234,"column":8},"end":{"line":253,"column":9}},"99":{"start":{"line":235,"column":29},"end":{"line":243,"column":13}},"100":{"start":{"line":245,"column":12},"end":{"line":249,"column":13}},"101":{"start":{"line":246,"column":16},"end":{"line":246,"column":59}},"102":{"start":{"line":248,"column":16},"end":{"line":248,"column":40}},"103":{"start":{"line":250,"column":12},"end":{"line":250,"column":32}},"104":{"start":{"line":252,"column":12},"end":{"line":252,"column":55}},"105":{"start":{"line":256,"column":25},"end":{"line":264,"column":5}},"106":{"start":{"line":257,"column":8},"end":{"line":263,"column":9}},"107":{"start":{"line":258,"column":12},"end":{"line":262,"column":13}},"108":{"start":{"line":259,"column":16},"end":{"line":259,"column":41}},"109":{"start":{"line":261,"column":16},"end":{"line":261,"column":61}},"110":{"start":{"line":266,"column":23},"end":{"line":266,"column":51}},"111":{"start":{"line":267,"column":29},"end":{"line":267,"column":62}},"112":{"start":{"line":269,"column":19},"end":{"line":269,"column":63}},"113":{"start":{"line":270,"column":22},"end":{"line":270,"column":63}},"114":{"start":{"line":272,"column":33},"end":{"line":301,"column":5}},"115":{"start":{"line":273,"column":21},"end":{"line":277,"column":9}},"116":{"start":{"line":279,"column":8},"end":{"line":300,"column":10}},"117":{"start":{"line":293,"column":32},"end":{"line":293,"column":99}},"118":{"start":{"line":303,"column":29},"end":{"line":329,"column":5}},"119":{"start":{"line":304,"column":8},"end":{"line":304,"column":37}},"120":{"start":{"line":304,"column":25},"end":{"line":304,"column":37}},"121":{"start":{"line":306,"column":8},"end":{"line":328,"column":10}},"122":{"start":{"line":309,"column":20},"end":{"line":325,"column":27}},"123":{"start":{"line":316,"column":36},"end":{"line":321,"column":47}},"124":{"start":{"line":331,"column":28},"end":{"line":359,"column":5}},"125":{"start":{"line":332,"column":8},"end":{"line":332,"column":36}},"126":{"start":{"line":332,"column":24},"end":{"line":332,"column":36}},"127":{"start":{"line":334,"column":8},"end":{"line":358,"column":10}},"128":{"start":{"line":337,"column":20},"end":{"line":355,"column":27}},"129":{"start":{"line":344,"column":52},"end":{"line":344,"column":70}},"130":{"start":{"line":346,"column":40},"end":{"line":351,"column":51}},"131":{"start":{"line":361,"column":30},"end":{"line":386,"column":5}},"132":{"start":{"line":362,"column":8},"end":{"line":362,"column":38}},"133":{"start":{"line":362,"column":26},"end":{"line":362,"column":38}},"134":{"start":{"line":364,"column":21},"end":{"line":367,"column":11}},"135":{"start":{"line":364,"column":72},"end":{"line":367,"column":9}},"136":{"start":{"line":369,"column":8},"end":{"line":385,
[...]
mn":84}},"14":{"start":{"line":49,"column":21},"end":{"line":49,"column":42}},"15":{"start":{"line":51,"column":8},"end":{"line":53,"column":9}},"16":{"start":{"line":52,"column":12},"end":{"line":52,"column":70}},"17":{"start":{"line":55,"column":30},"end":{"line":55,"column":70}},"18":{"start":{"line":56,"column":8},"end":{"line":56,"column":78}},"19":{"start":{"line":58,"column":8},"end":{"line":58,"column":68}},"20":{"start":{"line":59,"column":8},"end":{"line":62,"column":10}},"21":{"start":{"line":66,"column":29},"end":{"line":95,"column":1}},"22":{"start":{"line":67,"column":17},"end":{"line":67,"column":141}},"23":{"start":{"line":69,"column":4},"end":{"line":82,"column":5}},"24":{"start":{"line":70,"column":26},"end":{"line":80,"column":9}},"25":{"start":{"line":81,"column":8},"end":{"line":81,"column":68}},"26":{"start":{"line":84,"column":4},"end":{"line":86,"column":5}},"27":{"start":{"line":85,"column":8},"end":{"line":85,"column":64}},"28":{"start":{"line":88,"column":4},"end":{"line":92,"column":5}},"29":{"start":{"line":89,"column":8},"end":{"line":89,"column":450}},"30":{"start":{"line":91,"column":8},"end":{"line":91,"column":373}},"31":{"start":{"line":94,"column":4},"end":{"line":94,"column":18}},"32":{"start":{"line":97,"column":30},"end":{"line":158,"column":1}},"33":{"start":{"line":98,"column":4},"end":{"line":157,"column":5}},"34":{"start":{"line":99,"column":26},"end":{"line":101,"column":43}},"35":{"start":{"line":103,"column":22},"end":{"line":103,"column":79}},"36":{"start":{"line":104,"column":8},"end":{"line":104,"column":70}},"37":{"start":{"line":105,"column":25},"end":{"line":105,"column":44}},"38":{"start":{"line":107,"column":8},"end":{"line":153,"column":9}},"39":{"start":{"line":108,"column":31},"end":{"line":108,"column":109}},"40":{"start":{"line":109,"column":34},"end":{"line":109,"column":36}},"41":{"start":{"line":110,"column":28},"end":{"line":110,"column":65}},"42":{"start":{"line":110,"column":51},"end":{"line":110,"column":64}},"43":{"start":{"line":112,"column":12},"end":{"line":114,"column":13}},"44":{"start":{"line":113,"column":16},"end":{"line":113,"column":74}},"45":{"start":{"line":116,"column":12},"end":{"line":129,"column":15}},"46":{"start":{"line":117,"column":16},"end":{"line":128,"column":17}},"47":{"start":{"line":118,"column":20},"end":{"line":125,"column":22}},"48":{"start":{"line":127,"column":20},"end":{"line":127,"column":77}},"49":{"start":{"line":130,"column":12},"end":{"line":130,"column":33}},"50":{"start":{"line":132,"column":12},"end":{"line":134,"column":13}},"51":{"start":{"line":133,"column":16},"end":{"line":133,"column":74}},"52":{"start":{"line":135,"column":12},"end":{"line":152,"column":14}},"53":{"start":{"line":155,"column":8},"end":{"line":155,"column":75}},"54":{"start":{"line":156,"column":8},"end":{"line":156,"column":66}},"55":{"start":{"line":160,"column":28},"end":{"line":203,"column":1}},"56":{"start":{"line":161,"column":30},"end":{"line":161,"column":62}},"57":{"start":{"line":162,"column":26},"end":{"line":162,"column":58}},"58":{"start":{"line":163,"column":27},"end":{"line":163,"column":59}},"59":{"start":{"line":165,"column":29},"end":{"line":173,"column":5}},"60":{"start":{"line":175,"column":25},"end":{"line":183,"column":5}},"61":{"start":{"line":185,"column":26},"end":{"line":193,"column":5}},"62":{"start":{"line":195,"column":4},"end":{"line":202,"column":6}},"63":{"start":{"line":205,"column":33},"end":{"line":274,"column":1}},"64":{"start":{"line":206,"column":30},"end":{"line":206,"column":62}},"65":{"start":{"line":207,"column":26},"end":{"line":207,"column":58}},"66":{"start":{"line":208,"column":27},"end":{"line":208,"column":59}},"67":{"start":{"line":210,"column":29},"end":{"line":218,"column":5}},"68":{"start":{"line":220,"column":25},"end":{"line":228,"column":5}},"69":{"start":{"line":230,"column":26},"end":{"line":238,"column":5}},"70":{"start":{"line":240,"column":4},"end":{"line":273,"column":5}},"71":{"start":{"line":241,"column":21},"end":{"line":241,"column":99}},"72":{"start":{"line":242,"column":30},"end":{"line":242,"column":32}},"73":{"start":{"line":243,"column":8},"end":{"line":252,"column":11}},"74":{"start":{"line":244,"column":12},"end":{"line":251,"column":14}},"75":{"start":{"line":253,"column":8},"end":{"line":253,"column":29}},"76":{"start":{"line":255,"column":8},"end":{"line":272,"column":10}},"77":{"start":{"line":276,"column":26},"end":{"line":299,"column":1}},"78":{"start":{"line":278,"column":4},"end":{"line":282,"column":5}},"79":{"start":{"line":279,"column":8},"end":{"line":279,"column":69}},"80":{"start":{"line":281,"column":8},"end":{"line":281,"column":68}},"81":{"start":{"line":283,"column":31},"end":{"line":283,"column":36}},"82":{"start":{"line":284,"column":15},"end":{"line":284,"column":39}},"83":{"start":{"line":285,"column":4},"end":{"line":297,"column":5}},"84":{"start":{"line":287,"column":12},"end":{"line":287,"column":24}},"85":{"start":{"line":288,"column":12},"end":{"line":288,"column":18}},"86":{"start":{"line":290,"column":12},"end":{"line":290,"column":24}},"87":{"start":{"line":291,"column":12},"end":{"line":291,"column":18}},"88":{"start":{"line":293,"column":12},"end":{"line":293,"column":24}},"89":{"start":{"line":294,"column":12},"end":{"line":294,"column":18}},"90":{"start":{"line":296,"column":12},"end":{"line":296,"column":18}},"91":{"start":{"line":298,"column":4},"end":{"line":298,"column":28}}},"fnMap":{"0":{"name":"(anonymous_0)","decl":{"start":{"line":14,"column":32},"end":{"line":14,"column":33}},"loc":{"start":{"line":14,"column":52},"end":{"line":64,"column":1}},"line":14},"1":{"name":"(anonymous_1)","decl":{"start":{"line":66,"column":29},"end":{"line":66,"column":30}},"loc":{"start":{"line":66,"column":87},"end":{"line":95,"column":1}},"line":66},"2":{"name":"(anonymous_2)","decl":{"start":{"line":97,"column":30},"end":{"line":97,"column":31}},"loc":{"start":{"line":97,"column":74},"end":{"line":158,"column":1}},"line":97},"3":{"name":"(anonymous_3)","decl":{"start":{"line":110,"column":44},"end":{"line":110,"column":45}},"loc":{"start":{"line":110,"column":51},"end":{"line":110,"column":64}},"line":110},"4":{"name":"(anonymous_4)","decl":{"start":{"line":116,"column":31},"end":{"line":116,"column":32}},"loc":{"start":{"line":116,"column":38},"end":{"line":129,"column":13}},"line":116},"5":{"name":"(anonymous_5)","decl":{"start":{"line":160,"column":28},"end":{"line":160,"column":29}},"loc":{"start":{"line":160,"column":48},"end":{"line":203,"column":1}},"line":160},"6":{"name":"(anonymous_6)","decl":{"start":{"line":205,"column":33},"end":{"line":205,"column":34}},"loc":{"start":{"line":205,"column":63},"end":{"line":274,"column":1}},"line":205},"7":{"name":"(anonymous_7)","decl":{"start":{"line":243,"column":21},"end":{"line":243,"column":22}},"loc":{"start":{"line":243,"column":37},"end":{"line":252,"column":9}},"line":243},"8":{"name":"(anonymous_8)","decl":{"start":{"line":276,"column":26},"end":{"line":276,"column":27}},"loc":{"start":{"line":276,"column":69},"end":{"line":299,"column":1}},"line":276}},"branchMap":{"0":{"loc":{"start":{"line":16,"column":8},"end":{"line":22,"column":9}},"type":"if","locations":[{"start":{"line":16,"column":8},"end":{"line":22,"column":9}},{"start":{},"end":{}}],"line":16},"1":{"loc":{"start":{"line":26,"column":26},"end":{"line":26,"column":51}},"type":"cond-expr","locations":[{"start":{"line":26,"column":37},"end":{"line":26,"column":43}},{"start":{"line":26,"column":46},"end":{"line":26,"column":51}}],"line":26},"2":{"loc":{"start":{"line":45,"column":8},"end":{"line":47,"column":9}},"type":"if","locations":[{"start":{"line":45,"column":8},"end":{"line":47,"column":9}},{"start":{},"end":{}}],"line":45},"3":{"loc":{"start":{"line":51,"column":8},"end":{"line":53,"column":9}},"type":"if","locations":[{"start":{"line":51,"column":8},"end":{"line":53,"column":9}},{"start":{},"end":{}}],"line":51},"4":{"loc":{"start":{"line":51,"column":12},"end":{"line":51,"column":60}},"type":"binary-expr","locations":[{"start":{"line":51,"column":12},"end":{"line":51,"column":28}},{"start":{"line":51,"column":32},"end":{"line":51,"column":60}}],"line":51},"5":{"loc":{"start":{"line":67,"column":43},"end":{"line":67,"column":83}},"type":"cond-expr","locations":[{"start":{"line":67,"column":66},"end":{"line":67,"column":74}},{"start":{"line":67,"column":77},"end":{"line":67,"column":83}}],"line":67},"6":{"loc":{"start":{"line":69,"column":4},"end":{"line":82,"column":5}},"type":"if","locations":[{"start":{"line":69,"column":4},"end":{"line":82,"column":5}},{"start":{},"end":{}}],"line":69},"7":{"loc":{"start":{"line":81,"column":33},"end":{"line":81,"column":64}},"type":"binary-expr","locations":[{"start":{"line":81,"column":33},"end":{"line":81,"column":52}},{"start":{"line":81,"column":56},"end":{"line":81,"column":64}}],"line":81},"8":{"loc":{"start":{"line":84,"column":4},"end":{"line":86,"column":5}},"type":"if","locations":[{"start":{"line":84,"column":4},"end":{"line":86,"column":5}},{"start":{},"end":{}}],"line":84},"9":{"loc":{"start":{"line":88,"column":4},"end":{"line":92,"column":5}},"type":"if","locations":[{"start":{"line":88,"column":4},"end":{"line":92,"column":5}},{"start":{"line":90,"column":11},"end":{"line":92,"column":5}}],"line":88},"10":{"loc":{"start":{"line":99,"column":26},"end":{"line":101,"column":43}},"type":"binary-expr","locations":[{"start":{"line":99,"column":26},"end":{"line":99,"column":74}},{"start":{"line":100,"column":12},"end":{"line":100,"column":56}},{"start":{"line":101,"column":12},"end":{"line":101,"column":43}}],"line":99},"11":{"loc":{"start":{"line":103,"column":22},"end":{"line":103,"column":79}},"type":"cond-expr","locations":[{"start":{"line":103,"column":35},"end":{"line":103,"column":63}},{"start":{"line":103,"column":67},"end":{"line":103,"column":79}}],"line":103},"12":{"loc":{"start":{"line":103,"column":35},"end":{"line":103,"column":63}},"type":"binary-expr","locations":[{"start":{"line":103,"column":35},"end":{"line":103,"column":47}},{"start":{"line":103,"column":51},"end":{"line":103,"column":63}}],"line":103},"13":{"loc":{"start":{"line":107,"column":8},"end":{"line":153,"column":9}},"type":"if","locations":[{"start":{"line":107,"column":8},"end":{"line":153,"column":9}},{"start":{"line":131,"column":15},"end":{"line":153,"column":9}}],"line":107},"14":{"loc":{"start":{"line":112,"column":12},"end":{"line":114,"column":13}},"type":"if","locations":[{"start":{"line":112,"column":12},"end":{"line":114,"column":13}},{"start":{},"end":{}}],"line":112},"15":{"loc":{"start":{"line":117,"column":16},"end":{"line":128,"column":17}},"type":"if","locations":[{"start":{"line":117,"column":16},"end":{"line":128,"column":17}},{"start":{"line":126,"column":23},"end":{"line":128,"column":17}}],"line":117},"16":{"loc":{"start":{"line":119,"column":35},"end":{"line":119,"column":74}},"type":"binary-expr","locations":[{"start":{"line":119,"column":35},"end":{"line":119,"column":58}},{"start":{"line":119,"column":62},"end":{"line":119,"column":74}}],"line":119},"17":{"loc":{"start":{"line":120,"column":31},"end":{"line":120,"column":66}},"type":"binary-expr","locations":[{"start":{"line":120,"column":31},"end":{"line":120,"column":50}},{"start":{"line":120,"column":54},"end":{"line":120,"column":66}}],"line":120},"18":{"loc":{"start":{"line":121,"column":32},"end":{"line":121,"column":68}},"type":"binary-expr","locations":[{"start":{"line":121,"column":32},"end":{"line":121,"column":52}},{"start":{"line":121,"column":56},"end":{"line":121,"column":68}}],"line":121},"19":{"loc":{"start":{"line":122,"column":44},"end":{"line":122,"column":112}},"type":"binary-expr","locations":[{"start":{"line":122,"column":44},"end":{"line":122,"column":76}},{"start":{"line":122,"column":80},"end":{"line":122,"column":112}}],"line":122},"20":{"loc":{"start":{"line":123,"column":40},"end":{"line":123,"column":104}},"type":"binary-expr","locations":[{"start":{"line":123,"column":40},"end":{"line":123,"column":68}},{"start":{"line":123,"column":72},"end":{"line":123,"column":104}}],"line":123},"21":{"loc":{"start":{"line":124,"column":41},"end":{"line":124,"column":106}},"type":"binary-expr","locations":[{"start":{"line":124,"column":41},"end":{"line":124,"column":70}},{"start":{"line":124,"column":74},"end":{"line":124,"column":106}}],"line":124},"22":{"loc":{"start":{"line":132,"column":12},"end":{"line":134,"column":13}},"type":"if","locations":[{"start":{"line":132,"column":12},"end":{"line":134,"column":13}},{"start":{},"end":{}}],"line":132},"23":{"loc":{"start":{"line":132,"column":16},"end":{"line":132,"column":74}},"type":"binary-expr","locations":[{"start":{"line":132,"column":16},"end":{"line":132,"column":35}},{"start":{"line":132,"column":39},"end":{"line":132,"column":54}},{"start":{"line":132,"column":58},"end":{"line":132,"column":74}}],"line":132},"24":{"loc":{"start":{"line":137,"column":26},"end":{"line":137,"column":87}},"type":"binary-expr","locations":[{"start":{"line":137,"column":26},"end":{"line":137,"column":49}},{"start":{"line":137,"column":53},"end":{"line":137,"column":71}},{"start":{"line":137,"column":75},"end":{"line":137,"column":87}}],"line":137},"25":{"loc":{"start":{"line":138,"column":30},"end":{"line":138,"column":124}},"type":"binary-expr","locations":[{"start":{"line":138,"column":30},"end":{"line":138,"column":57}},{"start":{"line":138,"column":61},"end":{"line":138,"column":88}},{"start":{"line":138,"column":92},"end":{"line":138,"column":124}}],"line":138},"26":{"loc":{"start":{"line":141,"column":26},"end":{"line":141,"column":79}},"type":"binary-expr","locations":[{"start":{"line":141,"column":26},"end":{"line":141,"column":45}},{"start":{"line":141,"column":49},"end":{"line":141,"column":63}},{"start":{"line":141,"column":67},"end":{"line":141,"column":79}}],"line":141},"27":{"loc":{"start":{"line":142,"column":30},"end":{"line":142,"column":116}},"type":"binary-expr","locations":[{"start":{"line":142,"column":30},"end":{"line":142,"column":53}},{"start":{"line":142,"column":57},"end":{"line":142,"column":80}},{"start":{"line":142,"column":84},"end":{"line":142,"column":116}}],"line":142},"28":{"loc":{"start":{"line":145,"column":26},"end":{"line":145,"column":81}},"type":"binary-expr","locations":[{"start":{"line":145,"column":26},"end":{"line":145,"column":46}},{"start":{"line":145,"column":50},"end":{"line":145,"column":65}},{"start":{"line":145,"column":69},"end":{"line":145,"column":81}}],"line":145},"29":{"loc":{"start":{"line":146,"column":30},"end":{"line":146,"column":118}},"type":"binary-expr","locations":[{"start":{"line":146,"column":30},"end":{"line":146,"column":54}},{"start":{"line":146,"column":58},"end":{"line":146,"column":82}},{"start":{"line":146,"column":86},"end":{"line":146,"column":118}}],"line":146},"30":{"loc":{"start":{"line":149,"column":26},"end":{"line":149,"column":103}},"type":"cond-expr","locations":[{"start":{"line":149,"column":44},"end":{"line":149,"column":81}},{"start":{"line":149,"column":85},"end":{"line":149,"column":103}}],"line":149},"31":{"loc":{"start":{"line":149,"column":44},"end":{"line":149,"column":81}},"type":"binary-expr","locations":[{"start":{"line":149,"column":44},"end":{"line":149,"column":63}},{"start":{"line":149,"column":67},"end":{"line":149,"column":81}}],"line":149},"32":{"loc":{"start":{"line":150,"column":30},"end":{"line":150,"column":170}},"type":"cond-expr","locations":[{"start":{"line":150,"column":48},"end":{"line":150,"column":134}},{"start":{"line":150,"column":138},"end":{"line":150,"column":170}}],"line":150},"33":{"loc":{"start":{"line":150,"column":48},"end":{"line":150,"column":134}},"type":"binary-expr","locations":[{"start":{"line":150,"column":48},"end":{"line":150,"column":71}},{"start":{"line":150,"column":75},"end":{"line":150,"column":98}},{"start":{"line":150,"column":102},"end":{"line":150,"column":134}}],"line":150},"34":{"loc":{"start":{"line":240,"column":4},"end":{"line":273,"column":5}},"type":"if","locations":[{"start":{"line":240,"column":4},"end":{"line":273,"column":5}},{"start":{"line":254,"column":11},"end":{"line":273,"column":5}}],"line":240},"35":{"loc":{"start":{"line":278,"column":4},"end":{"line":282,"column":5}},"type":"if","locations":[{"start":{"line":278,"column":4},"end":{"line":282,"column":5}},{"start":{"line":280,"column":11},"end":{"line":282,"column":5}}],"line":278},"36":{"loc":{"start":{"line":285,"column":4},"end":{"line":297,"column":5}},"type":"switch","locations":[{"start":{"line":286,"column":8},"end":{"line":288,"column":18}},{"start":{"line":289,"column":8},"end":{"line":291,"column":18}},{"start":{"line":292,"column":8},"end":{"line":294,"column":18}},{"start":{"line":295,"column":8},"end":{"line":296,"column":18}}],"line":285}},"s":{"0":0,"1":0,"2":0,"3":0,"4":0,"5":0,"6":0,"7":0,"8":0,"9":0,"10":0,"11":0,"12":0,"13":0,"14":0,"15":0,"16":0,"17":0,"18":0,"19":0,"20":0,"21":0,"22":0,"23":0,"24":0,"25":0,"26":0,"27":0,"28":0,"29":0,"30":0,"31":0,"32":0,"33":0,"34":0,"35":0,"36":0,"37":0,"38":0,"39":0,"40":0,"41":0,"42":0,"43":0,"44":0,"45":0,"46":0,"47":0,"48":0,"49":0,"50":0,"51":0,"52":0,"53":0,"54":0,"55":0,"56":0,"57":0,"58":0,"59":0,"60":0,"61":0,"62":0,"63":0,"64":0,"65":0,"66":0,"67":0,"68":0,"69":0,"70":0,"71":0,"72":0,"73":0,"74":0,"75":0,"76":0,"77":0,"78":0,"79":0,"80":0,"81":0,"82":0,"83":0,"84":0,"85":0,"86":0,"87":0,"88":0,"89":0,"90":0,"91":0},"f":{"0":0,"1":0,"2":0,"3":0,"4":0,"5":0,"6":0,"7":0,"8":0},"b":{"0":[0,0],"1":[0,0],"2":[0,0],"3":[0,0],"4":[0,0],"5":[0,0],"6":[0,0],"7":[0,0],"8":[0,0],"9":[0,0],"10":[0,0,0],"11":[0,0],"12":[0,0],"13":[0,0],"14":[0,0],"15":[0,0],"16":[0,0],"17":[0,0],"18":[0,0],"19":[0,0],"20":[0,0],"21":[0,0],"22":[0,0],"23":[0,0,0],"24":[0,0,0],"25":[0,0,0],"26":[0,0,0],"27":[0,0,0],"28":[0,0,0],"29":[0,0,0],"30":[0,0],"31":[0,0],"32":[0,0],"33":[0,0,0],"34":[0,0],"35":[0,0],"36":[0,0,0,0]}}
,"C:\\Users\\User\\BrainMeal\\src\\services\\geminiService.js": {"path":"C:\\Users\\User\\BrainMeal\\src\\services\\geminiService.js","statementMap":{"0":{"start":{"line":3,"column":14},"end":{"line":3,"column":69}},"1":{"start":{"line":5,"column":32},"end":{"line":43,"column":1}},"2":{"start":{"line":6,"column":4},"end":{"line":42,"column":5}},"3":{"start":{"line":7,"column":22},"end":{"line":7,"column":71}},"4":{"start":{"line":9,"column":23},"end":{"line":30,"column":42}},"5":{"start":{"line":32,"column":23},"end":{"line":32,"column":58}},"6":{"start":{"line":33,"column":25},"end":{"line":33,"column":46}},"7":{"start":{"line":34,"column":21},"end":{"line":34,"column":36}},"8":{"start":{"line":37,"column":25},"end":{"line":37,"column":41}},"9":{"start":{"line":38,"column":8},"end":{"line":38,"column":24}},"10":{"start":{"line":40,"column":8},"end":{"line":40,"column":60}},"11":{"start":{"line":41,"column":8},"end":{"line":41,"column":20}}},"fnMap":{"0":{"name":"(anonymous_0)","decl":{"start":{"line":5,"column":32},"end":{"line":5,"column":33}},"loc":{"start":{"line":5,"column":55},"end":{"line":43,"column":1}},"line":5}},"branchMap":{"0":{"loc":{"start":{"line":16,"column":32},"end":{"line":16,"column":80}},"type":"binary-expr","locations":[{"start":{"line":16,"column":32},"end":{"line":16,"column":59}},{"start":{"line":16,"column":63},"end":{"line":16,"column":80}}],"line":16},"1":{"loc":{"start":{"line":17,"column":22},"end":{"line":17,"column":52}},"type":"binary-expr","locations":[{"start":{"line":17,"column":22},"end":{"line":17,"column":43}},{"start":{"line":17,"column":47},"end":{"line":17,"column":52}}],"line":17}},"s":{"0":0,"1":0,"2":0,"3":0,"4":0,"5":0,"6":0,"7":0,"8":0,"9":0,"10":0,"11":0},"f":{"0":0},"b":{"0":[0,0],"1":[0,0]}}
,"C:\\Users\\User\\BrainMeal\\src\\utils\\translations.js": {"path":"C:\\Users\\User\\BrainMeal\\src\\utils\\translations.js","statementMap":{"0":{"start":{"line":1,"column":28},"end":{"line":192,"column":1}}},"fnMap":{},"branchMap":{},"s":{"0":0},"f":{},"b":{}}
}
